08:40:16  INFO  manager.ApplicationManager - All tests run in Chrome Browser
08:40:21  INFO  manager.ApplicationManager - The link --->https://ilcarro.web.app/search
08:40:21  INFO  tests.TestBase - Name of method -->loginSuccess
08:40:21  INFO  manager.ListenerWD - before Find Elements --->By.xpath: //a[text()=' Logout ']
08:40:26  INFO  manager.ListenerWD - after Find Elements --->By.xpath: //a[text()=' Logout ']
08:40:26  INFO  manager.ListenerWD - list of elements is --->0
08:40:26  INFO  tests.TestBase - Test start with test data --->/nemail marym@gmail.com & password Mary2023@
08:40:26  INFO  manager.ListenerWD - before Find Element --->By.cssSelector: a[ng-reflect-router-link='login']
08:40:26  INFO  manager.ListenerWD - after Find Element --->By.cssSelector: a[ng-reflect-router-link='login']
08:40:26  INFO  manager.ListenerWD - Location of element(1057, 24)
08:40:26  INFO  manager.ListenerWD - before Find Element --->By.id: email
08:40:27  INFO  manager.ListenerWD - after Find Element --->By.id: email
08:40:27  INFO  manager.ListenerWD - Location of element(889, 254)
08:40:27  INFO  manager.ListenerWD - before Find Element --->By.xpath: //input[@id='password']
08:40:27  INFO  manager.ListenerWD - after Find Element --->By.xpath: //input[@id='password']
08:40:27  INFO  manager.ListenerWD - Location of element(889, 327)
08:40:28  INFO  manager.ListenerWD - before Find Element --->By.cssSelector: button[type='submit']
08:40:28  INFO  manager.ListenerWD - after Find Element --->By.cssSelector: button[type='submit']
08:40:28  INFO  manager.ListenerWD - Location of element(889, 396)
08:40:28  INFO  manager.ListenerWD - before Find Element --->By.cssSelector: .dialog-container
08:40:29  INFO  manager.ListenerWD - after Find Element --->By.cssSelector: .dialog-container
08:40:29  INFO  manager.ListenerWD - Location of element(480, 254)
08:40:29  INFO  manager.ListenerWD - before Find Element --->By.cssSelector: .dialog-container>h2
08:40:29  INFO  manager.ListenerWD - after Find Element --->By.cssSelector: .dialog-container>h2
08:40:29  INFO  manager.ListenerWD - Location of element(455, 290)
08:40:29  INFO  tests.TestBase - Assert check message 'Logged in success' present
08:40:29  INFO  manager.ListenerWD - before Find Elements --->By.xpath: //button[text()='Ok']
08:40:30  INFO  manager.ListenerWD - after Find Elements --->By.xpath: //button[text()='Ok']
08:40:30  INFO  manager.ListenerWD - list of elements is --->1
08:40:30  INFO  manager.ListenerWD - before Find Element --->By.xpath: //button[text()='Ok']
08:40:30  INFO  manager.ListenerWD - after Find Element --->By.xpath: //button[text()='Ok']
08:40:30  INFO  manager.ListenerWD - Location of element(665, 343)
08:40:30  INFO  tests.TestBase - Name of method -->loginSuccess
08:40:30  INFO  manager.ListenerWD - before Find Elements --->By.xpath: //a[text()=' Logout ']
08:40:30  INFO  manager.ListenerWD - after Find Elements --->By.xpath: //a[text()=' Logout ']
08:40:30  INFO  manager.ListenerWD - list of elements is --->1
08:40:30  INFO  manager.ListenerWD - before Find Element --->By.xpath: //a[text()=' Logout ']
08:40:30  INFO  manager.ListenerWD - after Find Element --->By.xpath: //a[text()=' Logout ']
08:40:30  INFO  manager.ListenerWD - Location of element(869, 24)
08:40:30  INFO  tests.TestBase - Before method finish logout
08:40:30  INFO  tests.TestBase - Test start with test data --->/nemail niln@gmail.com & password Nn12345$
08:40:30  INFO  manager.ListenerWD - before Find Element --->By.cssSelector: a[ng-reflect-router-link='login']
08:40:30  INFO  manager.ListenerWD - after Find Element --->By.cssSelector: a[ng-reflect-router-link='login']
08:40:30  INFO  manager.ListenerWD - Location of element(1057, 24)
08:40:30  INFO  manager.ListenerWD - before Find Element --->By.id: email
08:40:30  INFO  manager.ListenerWD - after Find Element --->By.id: email
08:40:30  INFO  manager.ListenerWD - Location of element(889, 254)
08:40:31  INFO  manager.ListenerWD - before Find Element --->By.xpath: //input[@id='password']
08:40:31  INFO  manager.ListenerWD - after Find Element --->By.xpath: //input[@id='password']
08:40:31  INFO  manager.ListenerWD - Location of element(889, 327)
08:40:32  INFO  manager.ListenerWD - before Find Element --->By.cssSelector: button[type='submit']
08:40:32  INFO  manager.ListenerWD - after Find Element --->By.cssSelector: button[type='submit']
08:40:32  INFO  manager.ListenerWD - Location of element(889, 396)
08:40:32  INFO  manager.ListenerWD - before Find Element --->By.cssSelector: .dialog-container
08:40:33  INFO  manager.ListenerWD - after Find Element --->By.cssSelector: .dialog-container
08:40:33  INFO  manager.ListenerWD - Location of element(466, 250)
08:40:33  INFO  manager.ListenerWD - before Find Element --->By.cssSelector: .dialog-container>h2
08:40:33  INFO  manager.ListenerWD - after Find Element --->By.cssSelector: .dialog-container>h2
08:40:33  INFO  manager.ListenerWD - Location of element(455, 290)
08:40:33  INFO  tests.TestBase - Assert check message 'Logged in success' present
08:40:33  INFO  manager.ListenerWD - before Find Elements --->By.xpath: //button[text()='Ok']
08:40:33  INFO  manager.ListenerWD - after Find Elements --->By.xpath: //button[text()='Ok']
08:40:33  INFO  manager.ListenerWD - list of elements is --->1
08:40:33  INFO  manager.ListenerWD - before Find Element --->By.xpath: //button[text()='Ok']
08:40:34  INFO  manager.ListenerWD - after Find Element --->By.xpath: //button[text()='Ok']
08:40:34  INFO  manager.ListenerWD - Location of element(665, 343)
