16:51:12  INFO  manager.ApplicationManager - All tests run in Chrome Browser
16:51:15  INFO  manager.ApplicationManager - The link --->https://ilcarro.web.app/search
16:51:15  INFO  tests.TestBase - Name of method -->searchAnyPeriodSuccess
16:51:15  INFO  manager.ListenerWD - before Find Element --->By.id: city
16:51:15  INFO  manager.ListenerWD - after Find Element --->By.id: city
16:51:15  INFO  manager.ListenerWD - Location of element(128, 268)
16:51:15  INFO  manager.ListenerWD - before Find Element --->By.cssSelector: div.pac-item
16:51:16  INFO  manager.ListenerWD - after Find Element --->By.cssSelector: div.pac-item
16:51:16  INFO  manager.ListenerWD - Location of element(128, 311)
16:51:16  INFO  manager.ListenerWD - before Find Element --->By.id: dates
16:51:16  INFO  manager.ListenerWD - after Find Element --->By.id: dates
16:51:16  INFO  manager.ListenerWD - Location of element(128, 361)
16:51:16  INFO  manager.ListenerWD - before Find Element --->By.cssSelector: button[aria-label='Next month'
16:51:16  INFO  manager.ListenerWD - after Find Element --->By.cssSelector: button[aria-label='Next month'
16:51:16  INFO  manager.ListenerWD - Location of element(378, 30)
16:51:16  INFO  manager.ListenerWD - before Find Element --->By.cssSelector: button[aria-label='Next month'
16:51:16  INFO  manager.ListenerWD - after Find Element --->By.cssSelector: button[aria-label='Next month'
16:51:16  INFO  manager.ListenerWD - Location of element(378, 29)
16:51:17  INFO  manager.ListenerWD - before Find Element --->By.xpath: //div[text()=' 25 ']
16:51:17  INFO  manager.ListenerWD - after Find Element --->By.xpath: //div[text()=' 25 ']
16:51:17  INFO  manager.ListenerWD - Location of element(138, 274)
16:51:18  INFO  manager.ListenerWD - before Find Element --->By.cssSelector: button[aria-label='Next month'
16:51:18  INFO  manager.ListenerWD - after Find Element --->By.cssSelector: button[aria-label='Next month'
16:51:18  INFO  manager.ListenerWD - Location of element(378, 29)
16:51:18  INFO  manager.ListenerWD - before Find Element --->By.cssSelector: button[aria-label='Next month'
16:51:18  INFO  manager.ListenerWD - after Find Element --->By.cssSelector: button[aria-label='Next month'
16:51:18  INFO  manager.ListenerWD - Location of element(378, 29)
16:51:18  INFO  manager.ListenerWD - before Find Element --->By.cssSelector: button[aria-label='Next month'
16:51:18  INFO  manager.ListenerWD - after Find Element --->By.cssSelector: button[aria-label='Next month'
16:51:18  INFO  manager.ListenerWD - Location of element(378, 29)
16:51:18  INFO  manager.ListenerWD - before Find Element --->By.cssSelector: button[aria-label='Next month'
16:51:18  INFO  manager.ListenerWD - after Find Element --->By.cssSelector: button[aria-label='Next month'
16:51:18  INFO  manager.ListenerWD - Location of element(378, 29)
16:51:18  INFO  manager.ListenerWD - before Find Element --->By.cssSelector: button[aria-label='Next month'
16:51:18  INFO  manager.ListenerWD - after Find Element --->By.cssSelector: button[aria-label='Next month'
16:51:18  INFO  manager.ListenerWD - Location of element(378, 29)
16:51:18  INFO  manager.ListenerWD - before Find Element --->By.cssSelector: button[aria-label='Next month'
16:51:18  INFO  manager.ListenerWD - after Find Element --->By.cssSelector: button[aria-label='Next month'
16:51:18  INFO  manager.ListenerWD - Location of element(378, 29)
16:51:18  INFO  manager.ListenerWD - before Find Element --->By.cssSelector: button[aria-label='Next month'
16:51:18  INFO  manager.ListenerWD - after Find Element --->By.cssSelector: button[aria-label='Next month'
16:51:18  INFO  manager.ListenerWD - Location of element(378, 29)
16:51:18  INFO  manager.ListenerWD - before Find Element --->By.cssSelector: button[aria-label='Next month'
16:51:18  INFO  manager.ListenerWD - after Find Element --->By.cssSelector: button[aria-label='Next month'
16:51:18  INFO  manager.ListenerWD - Location of element(378, 29)
16:51:18  INFO  manager.ListenerWD - before Find Element --->By.cssSelector: button[aria-label='Next month'
16:51:18  INFO  manager.ListenerWD - after Find Element --->By.cssSelector: button[aria-label='Next month'
16:51:18  INFO  manager.ListenerWD - Location of element(378, 29)
16:51:19  INFO  manager.ListenerWD - before Find Element --->By.cssSelector: button[aria-label='Next month'
16:51:19  INFO  manager.ListenerWD - after Find Element --->By.cssSelector: button[aria-label='Next month'
16:51:19  INFO  manager.ListenerWD - Location of element(378, 29)
16:51:20  INFO  manager.ListenerWD - before Find Element --->By.xpath: //div[text()=' 28 ']
16:51:20  INFO  manager.ListenerWD - after Find Element --->By.xpath: //div[text()=' 28 ']
16:51:20  INFO  manager.ListenerWD - Location of element(138, 314)
16:51:20  INFO  manager.ListenerWD - before Find Element --->By.cssSelector: button[type='submit']
16:51:20  INFO  manager.ListenerWD - after Find Element --->By.cssSelector: button[type='submit']
16:51:20  INFO  manager.ListenerWD - Location of element(128, 415)
16:51:21  INFO  manager.ListenerWD - Huston we have a problem!
16:51:21  INFO  manager.ListenerWD - Object target --->[[ChromeDriver: chrome on WINDOWS (c4324b2ef83ae8a9e7b580e8013c918d)] -> css selector: button[type='submit']]
16:51:21  INFO  manager.ListenerWD - ***********************
16:51:21  INFO  manager.ListenerWD - Method name --->click
16:51:21  INFO  manager.ListenerWD - ***********************
16:51:21  INFO  manager.ListenerWD - ***********************
16:51:21  INFO  manager.ListenerWD - ***********************
16:51:21  INFO  manager.ListenerWD - InvocationTargetException & getTargetException ---->org.openqa.selenium.ElementClickInterceptedException: element click intercepted: Element <button _ngcontent-gss-c106="" type="submit" disabled="">...</button> is not clickable at point (183, 431). Other element would receive the click: <div class="cdk-overlay-backdrop mat-overlay-transparent-backdrop cdk-overlay-backdrop-showing"></div>
  (Session info: chrome=112.0.5615.138)
Build info: version: '4.7.0', revision: '0a5b49d16f'
System info: os.name: 'Windows 11', os.arch: 'amd64', os.version: '10.0', java.version: '11.0.18'
Driver info: org.openqa.selenium.chrome.ChromeDriver
Command: [c4324b2ef83ae8a9e7b580e8013c918d, clickElement {id=e3b96278-4fd9-487d-a5ac-bceaba588a8b}]
Capabilities {acceptInsecureCerts: false, browserName: chrome, browserVersion: 112.0.5615.138, chrome: {chromedriverVersion: 111.0.5563.64 (c710e93d5b63..., userDataDir: C:\Users\pv297\AppData\Loca...}, goog:chromeOptions: {debuggerAddress: localhost:51745}, networkConnectionEnabled: false, pageLoadStrategy: normal, platformName: WINDOWS, proxy: Proxy(), se:cdp: ws://localhost:51745/devtoo..., se:cdpVersion: 112.0.5615.138, setWindowRect: true, strictFileInteractability: false, timeouts: {implicit: 0, pageLoad: 300000, script: 30000}, unhandledPromptBehavior: dismiss and notify, webauthn:extension:credBlob: true, webauthn:extension:largeBlob: true, webauthn:extension:minPinLength: true, webauthn:extension:prf: true, webauthn:virtualAuthenticators: true}
Element: [[ChromeDriver: chrome on WINDOWS (c4324b2ef83ae8a9e7b580e8013c918d)] -> css selector: button[type='submit']]
Session ID: c4324b2ef83ae8a9e7b580e8013c918d
16:51:21  INFO  manager.ListenerWD - ***********************
16:51:21  INFO  manager.ListenerWD - Screen with error is --->src/test/screenshots/screen_1437.png
