08:27:47  INFO  manager.ApplicationManager - All tests run in Chrome Browser
08:27:50  INFO  manager.ApplicationManager - The link --->https://ilcarro.web.app/search
08:27:50  INFO  tests.TestBase - Name of method -->loginSuccess1
08:27:50  INFO  manager.ListenerWD - before Find Elements --->By.xpath: //a[text()=' Logout ']
08:27:55  INFO  manager.ListenerWD - after Find Elements --->By.xpath: //a[text()=' Logout ']
08:27:55  INFO  manager.ListenerWD - list of elements is --->0
08:27:55  INFO  tests.TestBase - Test start with test data --->User{firstName='null', lastName='null', email='marym@gmail.com', password='Mary2023@'}
08:27:55  INFO  manager.ListenerWD - before Find Element --->By.cssSelector: a[ng-reflect-router-link='login']
08:27:56  INFO  manager.ListenerWD - after Find Element --->By.cssSelector: a[ng-reflect-router-link='login']
08:27:56  INFO  manager.ListenerWD - Location of element(1057, 24)
08:27:56  INFO  manager.ListenerWD - before Find Element --->By.id: email
08:27:56  INFO  manager.ListenerWD - after Find Element --->By.id: email
08:27:56  INFO  manager.ListenerWD - Location of element(889, 254)
08:27:56  INFO  manager.ListenerWD - before Find Element --->By.id: password
08:27:56  INFO  manager.ListenerWD - after Find Element --->By.id: password
08:27:56  INFO  manager.ListenerWD - Location of element(889, 327)
08:27:57  INFO  manager.ListenerWD - before Find Element --->By.cssSelector: button[type='submit']
08:27:57  INFO  manager.ListenerWD - after Find Element --->By.cssSelector: button[type='submit']
08:27:57  INFO  manager.ListenerWD - Location of element(889, 396)
08:27:57  INFO  manager.ListenerWD - before Find Element --->By.cssSelector: .dialog-container
08:27:58  INFO  manager.ListenerWD - after Find Element --->By.cssSelector: .dialog-container
08:27:58  INFO  manager.ListenerWD - Location of element(480, 254)
08:27:58  INFO  manager.ListenerWD - before Find Element --->By.cssSelector: .dialog-container>h2
08:27:58  INFO  manager.ListenerWD - after Find Element --->By.cssSelector: .dialog-container>h2
08:27:58  INFO  manager.ListenerWD - Location of element(455, 290)
08:27:58  INFO  tests.TestBase - Assert check message 'Logged in success' present
08:27:58  INFO  manager.ListenerWD - before Find Elements --->By.xpath: //button[text()='Ok']
08:27:58  INFO  manager.ListenerWD - after Find Elements --->By.xpath: //button[text()='Ok']
08:27:58  INFO  manager.ListenerWD - list of elements is --->1
08:27:58  INFO  manager.ListenerWD - before Find Element --->By.xpath: //button[text()='Ok']
08:27:58  INFO  manager.ListenerWD - after Find Element --->By.xpath: //button[text()='Ok']
08:27:58  INFO  manager.ListenerWD - Location of element(665, 343)
