19:18:12  INFO  manager.ApplicationManager - All tests run in Chrome Browser
19:18:15  INFO  manager.ApplicationManager - The link --->https://ilcarro.web.app/search
19:18:15  INFO  tests.TestBase - Name of method -->searchAnyPeriodSuccess
19:18:15  INFO  manager.ListenerWD - before Find Element --->By.cssSelector: a.logo
19:18:15  INFO  manager.ListenerWD - after Find Element --->By.cssSelector: a.logo
19:18:15  INFO  manager.ListenerWD - Location of element(128, 16)
19:18:16  INFO  manager.ListenerWD - before Find Element --->By.id: city
19:18:16  INFO  manager.ListenerWD - after Find Element --->By.id: city
19:18:16  INFO  manager.ListenerWD - Location of element(128, 268)
19:18:16  INFO  manager.ListenerWD - before Find Element --->By.cssSelector: div.pac-item
19:18:17  INFO  manager.ListenerWD - after Find Element --->By.cssSelector: div.pac-item
19:18:17  INFO  manager.ListenerWD - Location of element(128, 311)
19:18:17  INFO  manager.ListenerWD - before Find Element --->By.id: dates
19:18:17  INFO  manager.ListenerWD - after Find Element --->By.id: dates
19:18:17  INFO  manager.ListenerWD - Location of element(128, 361)
19:18:17  INFO  manager.ListenerWD - before Find Element --->By.id: dates
19:18:18  INFO  manager.ListenerWD - after Find Element --->By.id: dates
19:18:18  INFO  manager.ListenerWD - Location of element(128, 341)
19:18:18  INFO  manager.ListenerWD - before Find Element --->By.cssSelector: button[aria-label='Next month'
19:18:18  INFO  manager.ListenerWD - after Find Element --->By.cssSelector: button[aria-label='Next month'
19:18:18  INFO  manager.ListenerWD - Location of element(378, 30)
19:18:18  INFO  manager.ListenerWD - before Find Element --->By.cssSelector: button[aria-label='Next month'
19:18:18  INFO  manager.ListenerWD - after Find Element --->By.cssSelector: button[aria-label='Next month'
19:18:18  INFO  manager.ListenerWD - Location of element(378, 30)
19:18:18  INFO  manager.ListenerWD - before Find Element --->By.xpath: //div[text()=' 25 ']
19:18:19  INFO  manager.ListenerWD - after Find Element --->By.xpath: //div[text()=' 25 ']
19:18:19  INFO  manager.ListenerWD - Location of element(138, 275)
19:18:19  INFO  manager.ListenerWD - before Find Element --->By.cssSelector: button[aria-label='Next month'
19:18:19  INFO  manager.ListenerWD - after Find Element --->By.cssSelector: button[aria-label='Next month'
19:18:19  INFO  manager.ListenerWD - Location of element(378, 30)
19:18:19  INFO  manager.ListenerWD - before Find Element --->By.cssSelector: button[aria-label='Next month'
19:18:19  INFO  manager.ListenerWD - after Find Element --->By.cssSelector: button[aria-label='Next month'
19:18:19  INFO  manager.ListenerWD - Location of element(378, 30)
19:18:19  INFO  manager.ListenerWD - before Find Element --->By.cssSelector: button[aria-label='Next month'
19:18:19  INFO  manager.ListenerWD - after Find Element --->By.cssSelector: button[aria-label='Next month'
19:18:19  INFO  manager.ListenerWD - Location of element(378, 30)
19:18:19  INFO  manager.ListenerWD - before Find Element --->By.cssSelector: button[aria-label='Next month'
19:18:19  INFO  manager.ListenerWD - after Find Element --->By.cssSelector: button[aria-label='Next month'
19:18:19  INFO  manager.ListenerWD - Location of element(378, 30)
19:18:19  INFO  manager.ListenerWD - before Find Element --->By.cssSelector: button[aria-label='Next month'
19:18:19  INFO  manager.ListenerWD - after Find Element --->By.cssSelector: button[aria-label='Next month'
19:18:19  INFO  manager.ListenerWD - Location of element(378, 30)
19:18:20  INFO  manager.ListenerWD - before Find Element --->By.cssSelector: button[aria-label='Next month'
19:18:20  INFO  manager.ListenerWD - after Find Element --->By.cssSelector: button[aria-label='Next month'
19:18:20  INFO  manager.ListenerWD - Location of element(378, 30)
19:18:20  INFO  manager.ListenerWD - before Find Element --->By.cssSelector: button[aria-label='Next month'
19:18:20  INFO  manager.ListenerWD - after Find Element --->By.cssSelector: button[aria-label='Next month'
19:18:20  INFO  manager.ListenerWD - Location of element(378, 30)
19:18:20  INFO  manager.ListenerWD - before Find Element --->By.cssSelector: button[aria-label='Next month'
19:18:20  INFO  manager.ListenerWD - after Find Element --->By.cssSelector: button[aria-label='Next month'
19:18:20  INFO  manager.ListenerWD - Location of element(378, 30)
19:18:20  INFO  manager.ListenerWD - before Find Element --->By.cssSelector: button[aria-label='Next month'
19:18:20  INFO  manager.ListenerWD - after Find Element --->By.cssSelector: button[aria-label='Next month'
19:18:20  INFO  manager.ListenerWD - Location of element(378, 30)
19:18:20  INFO  manager.ListenerWD - before Find Element --->By.xpath: //div[text()=' 5 ']
19:18:20  INFO  manager.ListenerWD - after Find Element --->By.xpath: //div[text()=' 5 ']
19:18:20  INFO  manager.ListenerWD - Location of element(218, 155)
19:18:20  INFO  manager.ListenerWD - before Find Element --->By.cssSelector: button[type='submit']
19:18:20  INFO  manager.ListenerWD - after Find Element --->By.cssSelector: button[type='submit']
19:18:20  INFO  manager.ListenerWD - Location of element(128, 396)
19:18:21  INFO  manager.ListenerWD - before Find Elements --->By.cssSelector: a.car-container
19:18:29  INFO  manager.ListenerWD - after Find Elements --->By.cssSelector: a.car-container
19:18:29  INFO  manager.ListenerWD - list of elements is --->454
19:18:29  INFO  tests.TestBase - Name of method -->searchCurrentMonthSuccess
19:18:29  INFO  manager.ListenerWD - before Find Element --->By.cssSelector: a.logo
19:18:29  INFO  manager.ListenerWD - after Find Element --->By.cssSelector: a.logo
19:18:29  INFO  manager.ListenerWD - Location of element(128, 16)
19:18:30  INFO  manager.ListenerWD - before Find Element --->By.id: city
19:18:30  INFO  manager.ListenerWD - after Find Element --->By.id: city
19:18:30  INFO  manager.ListenerWD - Location of element(128, 268)
19:18:31  INFO  manager.ListenerWD - before Find Element --->By.cssSelector: div.pac-item
19:18:31  INFO  manager.ListenerWD - after Find Element --->By.cssSelector: div.pac-item
19:18:31  INFO  manager.ListenerWD - Location of element(128, 311)
19:18:31  INFO  manager.ListenerWD - Huston we have a problem!
19:18:31  INFO  manager.ListenerWD - Object target --->[[ChromeDriver: chrome on WINDOWS (6f214182940696ffa40b63a447a2139d)] -> css selector: div.pac-item]
19:18:31  INFO  manager.ListenerWD - ***********************
19:18:31  INFO  manager.ListenerWD - Method name --->click
19:18:31  INFO  manager.ListenerWD - ***********************
19:18:31  INFO  manager.ListenerWD - ***********************
19:18:31  INFO  manager.ListenerWD - ***********************
19:18:31  INFO  manager.ListenerWD - InvocationTargetException & getTargetException ---->org.openqa.selenium.StaleElementReferenceException: stale element reference: element is not attached to the page document
  (Session info: chrome=112.0.5615.138)
For documentation on this error, please visit: https://selenium.dev/exceptions/#stale_element_reference
Build info: version: '4.7.0', revision: '0a5b49d16f'
System info: os.name: 'Windows 11', os.arch: 'amd64', os.version: '10.0', java.version: '11.0.18'
Driver info: org.openqa.selenium.chrome.ChromeDriver
Command: [6f214182940696ffa40b63a447a2139d, clickElement {id=85d2e406-9ee2-4712-8d90-87a0627d91f8}]
Capabilities {acceptInsecureCerts: false, browserName: chrome, browserVersion: 112.0.5615.138, chrome: {chromedriverVersion: 111.0.5563.64 (c710e93d5b63..., userDataDir: C:\Users\pv297\AppData\Loca...}, goog:chromeOptions: {debuggerAddress: localhost:49658}, networkConnectionEnabled: false, pageLoadStrategy: normal, platformName: WINDOWS, proxy: Proxy(), se:cdp: ws://localhost:49658/devtoo..., se:cdpVersion: 112.0.5615.138, setWindowRect: true, strictFileInteractability: false, timeouts: {implicit: 0, pageLoad: 300000, script: 30000}, unhandledPromptBehavior: dismiss and notify, webauthn:extension:credBlob: true, webauthn:extension:largeBlob: true, webauthn:extension:minPinLength: true, webauthn:extension:prf: true, webauthn:virtualAuthenticators: true}
Element: [[ChromeDriver: chrome on WINDOWS (6f214182940696ffa40b63a447a2139d)] -> css selector: div.pac-item]
Session ID: 6f214182940696ffa40b63a447a2139d
19:18:31  INFO  manager.ListenerWD - ***********************
19:18:31  INFO  manager.ListenerWD - Screen with error is --->src/test/screenshots/screen_1272.png
19:18:31  INFO  tests.TestBase - Name of method -->searchCurrentYearSuccess
19:18:31  INFO  manager.ListenerWD - before Find Element --->By.cssSelector: a.logo
19:18:31  INFO  manager.ListenerWD - after Find Element --->By.cssSelector: a.logo
19:18:31  INFO  manager.ListenerWD - Location of element(128, 16)
19:18:32  INFO  manager.ListenerWD - before Find Element --->By.id: city
19:18:32  INFO  manager.ListenerWD - after Find Element --->By.id: city
19:18:32  INFO  manager.ListenerWD - Location of element(128, 268)
19:18:33  INFO  manager.ListenerWD - before Find Element --->By.cssSelector: div.pac-item
19:18:33  INFO  manager.ListenerWD - after Find Element --->By.cssSelector: div.pac-item
19:18:33  INFO  manager.ListenerWD - Location of element(128, 311)
19:18:33  INFO  manager.ListenerWD - before Find Element --->By.id: dates
19:18:33  INFO  manager.ListenerWD - after Find Element --->By.id: dates
19:18:33  INFO  manager.ListenerWD - Location of element(128, 341)
19:18:33  INFO  manager.ListenerWD - before Find Element --->By.id: dates
19:18:33  INFO  manager.ListenerWD - after Find Element --->By.id: dates
19:18:33  INFO  manager.ListenerWD - Location of element(128, 341)
19:18:34  INFO  manager.ListenerWD - before Find Element --->By.cssSelector: button[aria-label='Next month'
19:18:34  INFO  manager.ListenerWD - after Find Element --->By.cssSelector: button[aria-label='Next month'
19:18:34  INFO  manager.ListenerWD - Location of element(378, 37)
19:18:34  INFO  manager.ListenerWD - before Find Element --->By.cssSelector: button[aria-label='Next month'
19:18:34  INFO  manager.ListenerWD - after Find Element --->By.cssSelector: button[aria-label='Next month'
19:18:34  INFO  manager.ListenerWD - Location of element(378, 30)
19:18:34  INFO  manager.ListenerWD - before Find Element --->By.xpath: //div[text()=' 30 ']
19:18:34  INFO  manager.ListenerWD - after Find Element --->By.xpath: //div[text()=' 30 ']
19:18:34  INFO  manager.ListenerWD - Location of element(338, 275)
19:18:34  INFO  manager.ListenerWD - before Find Element --->By.cssSelector: button[aria-label='Next month'
19:18:34  INFO  manager.ListenerWD - after Find Element --->By.cssSelector: button[aria-label='Next month'
19:18:34  INFO  manager.ListenerWD - Location of element(378, 30)
19:18:34  INFO  manager.ListenerWD - before Find Element --->By.cssSelector: button[aria-label='Next month'
19:18:34  INFO  manager.ListenerWD - after Find Element --->By.cssSelector: button[aria-label='Next month'
19:18:34  INFO  manager.ListenerWD - Location of element(378, 30)
19:18:35  INFO  manager.ListenerWD - before Find Element --->By.cssSelector: button[aria-label='Next month'
19:18:35  INFO  manager.ListenerWD - after Find Element --->By.cssSelector: button[aria-label='Next month'
19:18:35  INFO  manager.ListenerWD - Location of element(378, 30)
19:18:35  INFO  manager.ListenerWD - before Find Element --->By.cssSelector: button[aria-label='Next month'
19:18:35  INFO  manager.ListenerWD - after Find Element --->By.cssSelector: button[aria-label='Next month'
19:18:35  INFO  manager.ListenerWD - Location of element(378, 30)
19:18:35  INFO  manager.ListenerWD - before Find Element --->By.xpath: //div[text()=' 28 ']
19:18:35  INFO  manager.ListenerWD - after Find Element --->By.xpath: //div[text()=' 28 ']
19:18:35  INFO  manager.ListenerWD - Location of element(378, 275)
19:18:35  INFO  manager.ListenerWD - before Find Element --->By.cssSelector: button[type='submit']
19:18:35  INFO  manager.ListenerWD - after Find Element --->By.cssSelector: button[type='submit']
19:18:35  INFO  manager.ListenerWD - Location of element(128, 396)
19:18:36  INFO  manager.ListenerWD - before Find Elements --->By.cssSelector: a.car-container
19:18:42  INFO  manager.ListenerWD - after Find Elements --->By.cssSelector: a.car-container
19:18:42  INFO  manager.ListenerWD - list of elements is --->454
