16:44:33  INFO  manager.ApplicationManager - All tests run in Chrome Browser
16:44:36  INFO  manager.ApplicationManager - The link --->https://ilcarro.web.app/search
16:44:36  INFO  tests.TestBase - Name of method -->searchAnyPeriodSuccess
16:44:36  INFO  manager.ListenerWD - before Find Element --->By.id: city
16:44:36  INFO  manager.ListenerWD - after Find Element --->By.id: city
16:44:36  INFO  manager.ListenerWD - Location of element(128, 268)
16:44:36  INFO  manager.ListenerWD - before Find Element --->By.cssSelector: div.pac-item
16:44:36  INFO  manager.ListenerWD - after Find Element --->By.cssSelector: div.pac-item
16:44:36  INFO  manager.ListenerWD - Location of element(128, 311)
16:44:37  INFO  manager.ListenerWD - before Find Element --->By.id: dates
16:44:37  INFO  manager.ListenerWD - after Find Element --->By.id: dates
16:44:37  INFO  manager.ListenerWD - Location of element(128, 361)
16:44:37  INFO  manager.ListenerWD - before Find Element --->By.cssSelector: button[aria-label='Next month'
16:44:37  INFO  manager.ListenerWD - after Find Element --->By.cssSelector: button[aria-label='Next month'
16:44:37  INFO  manager.ListenerWD - Location of element(378, 30)
16:44:37  INFO  manager.ListenerWD - before Find Element --->By.cssSelector: button[aria-label='Next month'
16:44:37  INFO  manager.ListenerWD - after Find Element --->By.cssSelector: button[aria-label='Next month'
16:44:37  INFO  manager.ListenerWD - Location of element(378, 30)
16:44:37  INFO  manager.ListenerWD - before Find Element --->By.xpath: //div[text()=' 25 ']
16:44:37  INFO  manager.ListenerWD - after Find Element --->By.xpath: //div[text()=' 25 ']
16:44:37  INFO  manager.ListenerWD - Location of element(138, 275)
16:44:37  INFO  manager.ListenerWD - before Find Element --->By.xpath: //div[text()=' 28 ']
16:44:37  INFO  manager.ListenerWD - after Find Element --->By.xpath: //div[text()=' 28 ']
16:44:37  INFO  manager.ListenerWD - Location of element(258, 275)
16:44:38  INFO  manager.ListenerWD - before Find Element --->By.cssSelector: button[type='submit']
16:44:38  INFO  manager.ListenerWD - after Find Element --->By.cssSelector: button[type='submit']
16:44:38  INFO  manager.ListenerWD - Location of element(128, 396)
16:44:38  INFO  manager.ListenerWD - before Find Elements --->By.cssSelector: a.car-container
16:44:45  INFO  manager.ListenerWD - after Find Elements --->By.cssSelector: a.car-container
16:44:45  INFO  manager.ListenerWD - list of elements is --->454
