18:41:35  INFO  manager.ApplicationManager - All tests run in Chrome Browser
18:41:39  INFO  manager.ApplicationManager - The link --->https://ilcarro.web.app/search
18:41:39  INFO  tests.TestBase - Name of method -->searchAnyPeriodSuccess
18:41:39  INFO  manager.ListenerWD - before Find Element --->By.cssSelector: a.logo
18:41:39  INFO  manager.ListenerWD - after Find Element --->By.cssSelector: a.logo
18:41:39  INFO  manager.ListenerWD - Location of element(128, 16)
18:41:40  INFO  manager.ListenerWD - before Find Element --->By.id: city
18:41:40  INFO  manager.ListenerWD - after Find Element --->By.id: city
18:41:40  INFO  manager.ListenerWD - Location of element(128, 268)
18:41:41  INFO  manager.ListenerWD - before Find Element --->By.cssSelector: div.pac-item
18:41:41  INFO  manager.ListenerWD - after Find Element --->By.cssSelector: div.pac-item
18:41:41  INFO  manager.ListenerWD - Location of element(128, 311)
18:41:42  INFO  manager.ListenerWD - before Find Element --->By.id: dates
18:41:42  INFO  manager.ListenerWD - after Find Element --->By.id: dates
18:41:42  INFO  manager.ListenerWD - Location of element(128, 361)
18:41:42  INFO  manager.ListenerWD - before Find Element --->By.cssSelector: button[aria-label='Next month'
18:41:42  INFO  manager.ListenerWD - after Find Element --->By.cssSelector: button[aria-label='Next month'
18:41:42  INFO  manager.ListenerWD - Location of element(378, 30)
18:41:42  INFO  manager.ListenerWD - before Find Element --->By.cssSelector: button[aria-label='Next month'
18:41:42  INFO  manager.ListenerWD - after Find Element --->By.cssSelector: button[aria-label='Next month'
18:41:42  INFO  manager.ListenerWD - Location of element(378, 30)
18:41:42  INFO  manager.ListenerWD - before Find Element --->By.xpath: //div[text()=' 25 ']
18:41:43  INFO  manager.ListenerWD - after Find Element --->By.xpath: //div[text()=' 25 ']
18:41:43  INFO  manager.ListenerWD - Location of element(138, 275)
18:41:43  INFO  manager.ListenerWD - before Find Element --->By.cssSelector: button[aria-label='Next month'
18:41:43  INFO  manager.ListenerWD - after Find Element --->By.cssSelector: button[aria-label='Next month'
18:41:43  INFO  manager.ListenerWD - Location of element(378, 30)
18:41:43  INFO  manager.ListenerWD - before Find Element --->By.cssSelector: button[aria-label='Next month'
18:41:43  INFO  manager.ListenerWD - after Find Element --->By.cssSelector: button[aria-label='Next month'
18:41:43  INFO  manager.ListenerWD - Location of element(378, 30)
18:41:43  INFO  manager.ListenerWD - before Find Element --->By.cssSelector: button[aria-label='Next month'
18:41:43  INFO  manager.ListenerWD - after Find Element --->By.cssSelector: button[aria-label='Next month'
18:41:44  INFO  manager.ListenerWD - Location of element(378, 30)
18:41:44  INFO  manager.ListenerWD - before Find Element --->By.cssSelector: button[aria-label='Next month'
18:41:44  INFO  manager.ListenerWD - after Find Element --->By.cssSelector: button[aria-label='Next month'
18:41:44  INFO  manager.ListenerWD - Location of element(378, 30)
18:41:44  INFO  manager.ListenerWD - before Find Element --->By.cssSelector: button[aria-label='Next month'
18:41:44  INFO  manager.ListenerWD - after Find Element --->By.cssSelector: button[aria-label='Next month'
18:41:44  INFO  manager.ListenerWD - Location of element(378, 30)
18:41:44  INFO  manager.ListenerWD - before Find Element --->By.cssSelector: button[aria-label='Next month'
18:41:44  INFO  manager.ListenerWD - after Find Element --->By.cssSelector: button[aria-label='Next month'
18:41:44  INFO  manager.ListenerWD - Location of element(378, 30)
18:41:44  INFO  manager.ListenerWD - before Find Element --->By.cssSelector: button[aria-label='Next month'
18:41:44  INFO  manager.ListenerWD - after Find Element --->By.cssSelector: button[aria-label='Next month'
18:41:44  INFO  manager.ListenerWD - Location of element(378, 30)
18:41:44  INFO  manager.ListenerWD - before Find Element --->By.cssSelector: button[aria-label='Next month'
18:41:44  INFO  manager.ListenerWD - after Find Element --->By.cssSelector: button[aria-label='Next month'
18:41:44  INFO  manager.ListenerWD - Location of element(378, 30)
18:41:45  INFO  manager.ListenerWD - before Find Element --->By.cssSelector: button[aria-label='Next month'
18:41:45  INFO  manager.ListenerWD - after Find Element --->By.cssSelector: button[aria-label='Next month'
18:41:45  INFO  manager.ListenerWD - Location of element(378, 30)
18:41:45  INFO  manager.ListenerWD - before Find Element --->By.xpath: //div[text()=' 5 ']
18:41:45  INFO  manager.ListenerWD - after Find Element --->By.xpath: //div[text()=' 5 ']
18:41:45  INFO  manager.ListenerWD - Location of element(218, 155)
18:41:45  INFO  manager.ListenerWD - before Find Element --->By.cssSelector: button[type='submit']
18:41:45  INFO  manager.ListenerWD - after Find Element --->By.cssSelector: button[type='submit']
18:41:45  INFO  manager.ListenerWD - Location of element(128, 396)
18:41:45  INFO  manager.ListenerWD - before Find Elements --->By.cssSelector: a.car-container
18:41:57  INFO  manager.ListenerWD - after Find Elements --->By.cssSelector: a.car-container
18:41:57  INFO  manager.ListenerWD - list of elements is --->454
18:41:57  INFO  tests.TestBase - Name of method -->searchCurrentMonthSuccess
18:41:57  INFO  manager.ListenerWD - before Find Element --->By.cssSelector: a.logo
18:41:57  INFO  manager.ListenerWD - after Find Element --->By.cssSelector: a.logo
18:41:57  INFO  manager.ListenerWD - Location of element(128, 16)
18:41:58  INFO  manager.ListenerWD - before Find Element --->By.id: city
18:41:58  INFO  manager.ListenerWD - after Find Element --->By.id: city
18:41:58  INFO  manager.ListenerWD - Location of element(128, 268)
18:41:59  INFO  manager.ListenerWD - before Find Element --->By.cssSelector: div.pac-item
18:41:59  INFO  manager.ListenerWD - after Find Element --->By.cssSelector: div.pac-item
18:41:59  INFO  manager.ListenerWD - Location of element(128, 311)
18:41:59  INFO  manager.ListenerWD - before Find Element --->By.id: dates
18:41:59  INFO  manager.ListenerWD - after Find Element --->By.id: dates
18:41:59  INFO  manager.ListenerWD - Location of element(128, 341)
18:41:59  INFO  manager.ListenerWD - before Find Element --->By.xpath: //div[text()=' 25 ']
18:41:59  INFO  manager.ListenerWD - after Find Element --->By.xpath: //div[text()=' 25 ']
18:41:59  INFO  manager.ListenerWD - Location of element(138, 275)
18:41:59  INFO  manager.ListenerWD - before Find Element --->By.xpath: //div[text()=' 28 ']
18:41:59  INFO  manager.ListenerWD - after Find Element --->By.xpath: //div[text()=' 28 ']
18:41:59  INFO  manager.ListenerWD - Location of element(258, 275)
18:42:00  INFO  manager.ListenerWD - before Find Element --->By.cssSelector: button[type='submit']
18:42:00  INFO  manager.ListenerWD - after Find Element --->By.cssSelector: button[type='submit']
18:42:00  INFO  manager.ListenerWD - Location of element(128, 396)
18:42:00  INFO  manager.ListenerWD - before Find Elements --->By.cssSelector: a.car-container
18:42:08  INFO  manager.ListenerWD - after Find Elements --->By.cssSelector: a.car-container
18:42:08  INFO  manager.ListenerWD - list of elements is --->454
18:42:08  INFO  tests.TestBase - Name of method -->searchCurrentYearSuccess
18:42:08  INFO  manager.ListenerWD - before Find Element --->By.cssSelector: a.logo
18:42:08  INFO  manager.ListenerWD - after Find Element --->By.cssSelector: a.logo
18:42:08  INFO  manager.ListenerWD - Location of element(128, 16)
18:42:08  INFO  manager.ListenerWD - before Find Element --->By.id: city
18:42:08  INFO  manager.ListenerWD - after Find Element --->By.id: city
18:42:08  INFO  manager.ListenerWD - Location of element(128, 268)
18:42:09  INFO  manager.ListenerWD - before Find Element --->By.cssSelector: div.pac-item
18:42:09  INFO  manager.ListenerWD - after Find Element --->By.cssSelector: div.pac-item
18:42:09  INFO  manager.ListenerWD - Location of element(128, 311)
18:42:09  INFO  manager.ListenerWD - Huston we have a problem!
18:42:09  INFO  manager.ListenerWD - Object target --->[[ChromeDriver: chrome on WINDOWS (8d75145b80ff2449107f01b0e33f0049)] -> css selector: div.pac-item]
18:42:09  INFO  manager.ListenerWD - ***********************
18:42:09  INFO  manager.ListenerWD - Method name --->click
18:42:09  INFO  manager.ListenerWD - ***********************
18:42:09  INFO  manager.ListenerWD - ***********************
18:42:09  INFO  manager.ListenerWD - ***********************
18:42:09  INFO  manager.ListenerWD - InvocationTargetException & getTargetException ---->org.openqa.selenium.StaleElementReferenceException: stale element reference: element is not attached to the page document
  (Session info: chrome=112.0.5615.138)
For documentation on this error, please visit: https://selenium.dev/exceptions/#stale_element_reference
Build info: version: '4.7.0', revision: '0a5b49d16f'
System info: os.name: 'Windows 11', os.arch: 'amd64', os.version: '10.0', java.version: '11.0.18'
Driver info: org.openqa.selenium.chrome.ChromeDriver
Command: [8d75145b80ff2449107f01b0e33f0049, clickElement {id=e2aa539b-503c-4d6d-a06c-1922995f3078}]
Capabilities {acceptInsecureCerts: false, browserName: chrome, browserVersion: 112.0.5615.138, chrome: {chromedriverVersion: 111.0.5563.64 (c710e93d5b63..., userDataDir: C:\Users\pv297\AppData\Loca...}, goog:chromeOptions: {debuggerAddress: localhost:52992}, networkConnectionEnabled: false, pageLoadStrategy: normal, platformName: WINDOWS, proxy: Proxy(), se:cdp: ws://localhost:52992/devtoo..., se:cdpVersion: 112.0.5615.138, setWindowRect: true, strictFileInteractability: false, timeouts: {implicit: 0, pageLoad: 300000, script: 30000}, unhandledPromptBehavior: dismiss and notify, webauthn:extension:credBlob: true, webauthn:extension:largeBlob: true, webauthn:extension:minPinLength: true, webauthn:extension:prf: true, webauthn:virtualAuthenticators: true}
Element: [[ChromeDriver: chrome on WINDOWS (8d75145b80ff2449107f01b0e33f0049)] -> css selector: div.pac-item]
Session ID: 8d75145b80ff2449107f01b0e33f0049
18:42:09  INFO  manager.ListenerWD - ***********************
18:42:09  INFO  manager.ListenerWD - Screen with error is --->src/test/screenshots/screen_1463.png
