09:02:46  INFO  manager.ApplicationManager - All tests run in Chrome Browser
09:02:50  INFO  manager.ApplicationManager - The link --->https://ilcarro.web.app/search
09:02:50  INFO  tests.TestBase - Name of method -->loginSuccess
09:02:50  INFO  manager.ListenerWD - before Find Elements --->By.xpath: //a[text()=' Logout ']
09:02:55  INFO  manager.ListenerWD - after Find Elements --->By.xpath: //a[text()=' Logout ']
09:02:55  INFO  manager.ListenerWD - list of elements is --->0
09:02:55  INFO  tests.TestBase - Test start with test data --->/nemail marym@gmail.com & password Mary2023@
09:02:55  INFO  manager.ListenerWD - before Find Element --->By.cssSelector: a[ng-reflect-router-link='login']
09:02:55  INFO  manager.ListenerWD - after Find Element --->By.cssSelector: a[ng-reflect-router-link='login']
09:02:55  INFO  manager.ListenerWD - Location of element(1057, 24)
09:02:55  INFO  manager.ListenerWD - before Find Element --->By.id: email
09:02:55  INFO  manager.ListenerWD - after Find Element --->By.id: email
09:02:55  INFO  manager.ListenerWD - Location of element(889, 254)
09:02:56  INFO  manager.ListenerWD - before Find Element --->By.xpath: //input[@id='password']
09:02:56  INFO  manager.ListenerWD - after Find Element --->By.xpath: //input[@id='password']
09:02:56  INFO  manager.ListenerWD - Location of element(889, 327)
09:02:56  INFO  manager.ListenerWD - before Find Element --->By.cssSelector: button[type='submit']
09:02:56  INFO  manager.ListenerWD - after Find Element --->By.cssSelector: button[type='submit']
09:02:56  INFO  manager.ListenerWD - Location of element(889, 396)
09:02:56  INFO  manager.ListenerWD - before Find Element --->By.cssSelector: .dialog-container
09:02:58  INFO  manager.ListenerWD - after Find Element --->By.cssSelector: .dialog-container
09:02:58  INFO  manager.ListenerWD - Location of element(466, 250)
09:02:58  INFO  manager.ListenerWD - before Find Element --->By.cssSelector: .dialog-container>h2
09:02:58  INFO  manager.ListenerWD - after Find Element --->By.cssSelector: .dialog-container>h2
09:02:58  INFO  manager.ListenerWD - Location of element(455, 290)
09:02:58  INFO  tests.TestBase - Assert check message 'Logged in success' present
09:02:58  INFO  manager.ListenerWD - before Find Elements --->By.xpath: //button[text()='Ok']
09:02:58  INFO  manager.ListenerWD - after Find Elements --->By.xpath: //button[text()='Ok']
09:02:58  INFO  manager.ListenerWD - list of elements is --->1
09:02:58  INFO  manager.ListenerWD - before Find Element --->By.xpath: //button[text()='Ok']
09:02:58  INFO  manager.ListenerWD - after Find Element --->By.xpath: //button[text()='Ok']
09:02:58  INFO  manager.ListenerWD - Location of element(665, 343)
09:02:58  INFO  tests.TestBase - Name of method -->loginSuccess
09:02:58  INFO  manager.ListenerWD - before Find Elements --->By.xpath: //a[text()=' Logout ']
09:02:58  INFO  manager.ListenerWD - after Find Elements --->By.xpath: //a[text()=' Logout ']
09:02:58  INFO  manager.ListenerWD - list of elements is --->1
09:02:58  INFO  manager.ListenerWD - before Find Element --->By.xpath: //a[text()=' Logout ']
09:02:58  INFO  manager.ListenerWD - after Find Element --->By.xpath: //a[text()=' Logout ']
09:02:59  INFO  manager.ListenerWD - Location of element(869, 24)
09:02:59  INFO  tests.TestBase - Before method finish logout
09:02:59  INFO  tests.TestBase - Test start with test data --->/nemail niln@gmail.com & password Nn12345$
09:02:59  INFO  manager.ListenerWD - before Find Element --->By.cssSelector: a[ng-reflect-router-link='login']
09:02:59  INFO  manager.ListenerWD - after Find Element --->By.cssSelector: a[ng-reflect-router-link='login']
09:02:59  INFO  manager.ListenerWD - Location of element(1057, 24)
09:02:59  INFO  manager.ListenerWD - before Find Element --->By.id: email
09:02:59  INFO  manager.ListenerWD - after Find Element --->By.id: email
09:02:59  INFO  manager.ListenerWD - Location of element(889, 254)
09:03:00  INFO  manager.ListenerWD - before Find Element --->By.xpath: //input[@id='password']
09:03:00  INFO  manager.ListenerWD - after Find Element --->By.xpath: //input[@id='password']
09:03:00  INFO  manager.ListenerWD - Location of element(889, 327)
09:03:01  INFO  manager.ListenerWD - before Find Element --->By.cssSelector: button[type='submit']
09:03:01  INFO  manager.ListenerWD - after Find Element --->By.cssSelector: button[type='submit']
09:03:01  INFO  manager.ListenerWD - Location of element(889, 396)
09:03:01  INFO  manager.ListenerWD - before Find Element --->By.cssSelector: .dialog-container
09:03:02  INFO  manager.ListenerWD - after Find Element --->By.cssSelector: .dialog-container
09:03:02  INFO  manager.ListenerWD - Location of element(455, 247)
09:03:02  INFO  manager.ListenerWD - before Find Element --->By.cssSelector: .dialog-container>h2
09:03:02  INFO  manager.ListenerWD - after Find Element --->By.cssSelector: .dialog-container>h2
09:03:02  INFO  manager.ListenerWD - Location of element(455, 290)
09:03:02  INFO  tests.TestBase - Assert check message 'Logged in success' present
09:03:02  INFO  manager.ListenerWD - before Find Elements --->By.xpath: //button[text()='Ok']
09:03:02  INFO  manager.ListenerWD - after Find Elements --->By.xpath: //button[text()='Ok']
09:03:02  INFO  manager.ListenerWD - list of elements is --->1
09:03:02  INFO  manager.ListenerWD - before Find Element --->By.xpath: //button[text()='Ok']
09:03:02  INFO  manager.ListenerWD - after Find Element --->By.xpath: //button[text()='Ok']
09:03:02  INFO  manager.ListenerWD - Location of element(665, 343)
09:03:02  INFO  tests.TestBase - Name of method -->loginSuccess1
09:03:02  INFO  manager.ListenerWD - before Find Elements --->By.xpath: //a[text()=' Logout ']
09:03:03  INFO  manager.ListenerWD - after Find Elements --->By.xpath: //a[text()=' Logout ']
09:03:03  INFO  manager.ListenerWD - list of elements is --->1
09:03:03  INFO  manager.ListenerWD - before Find Element --->By.xpath: //a[text()=' Logout ']
09:03:03  INFO  manager.ListenerWD - after Find Element --->By.xpath: //a[text()=' Logout ']
09:03:03  INFO  manager.ListenerWD - Location of element(869, 24)
09:03:03  INFO  tests.TestBase - Before method finish logout
09:03:03  INFO  tests.TestBase - Test start with test data --->User{firstName='null', lastName='null', email='marym@gmail.com', password='Mary2023@'}
09:03:03  INFO  manager.ListenerWD - before Find Element --->By.cssSelector: a[ng-reflect-router-link='login']
09:03:03  INFO  manager.ListenerWD - after Find Element --->By.cssSelector: a[ng-reflect-router-link='login']
09:03:03  INFO  manager.ListenerWD - Location of element(1057, 24)
09:03:03  INFO  manager.ListenerWD - before Find Element --->By.id: email
09:03:03  INFO  manager.ListenerWD - after Find Element --->By.id: email
09:03:04  INFO  manager.ListenerWD - Location of element(889, 254)
09:03:04  INFO  manager.ListenerWD - before Find Element --->By.id: password
09:03:04  INFO  manager.ListenerWD - after Find Element --->By.id: password
09:03:04  INFO  manager.ListenerWD - Location of element(889, 327)
09:03:05  INFO  manager.ListenerWD - before Find Element --->By.cssSelector: button[type='submit']
09:03:05  INFO  manager.ListenerWD - after Find Element --->By.cssSelector: button[type='submit']
09:03:05  INFO  manager.ListenerWD - Location of element(889, 396)
09:03:05  INFO  manager.ListenerWD - before Find Element --->By.cssSelector: .dialog-container
09:03:05  INFO  manager.ListenerWD - after Find Element --->By.cssSelector: .dialog-container
09:03:05  INFO  manager.ListenerWD - Location of element(455, 247)
09:03:06  INFO  manager.ListenerWD - before Find Element --->By.cssSelector: .dialog-container>h2
09:03:06  INFO  manager.ListenerWD - after Find Element --->By.cssSelector: .dialog-container>h2
09:03:06  INFO  manager.ListenerWD - Location of element(455, 290)
09:03:06  INFO  tests.TestBase - Assert check message 'Logged in success' present
09:03:06  INFO  manager.ListenerWD - before Find Elements --->By.xpath: //button[text()='Ok']
09:03:06  INFO  manager.ListenerWD - after Find Elements --->By.xpath: //button[text()='Ok']
09:03:06  INFO  manager.ListenerWD - list of elements is --->1
09:03:06  INFO  manager.ListenerWD - before Find Element --->By.xpath: //button[text()='Ok']
09:03:06  INFO  manager.ListenerWD - after Find Element --->By.xpath: //button[text()='Ok']
09:03:06  INFO  manager.ListenerWD - Location of element(665, 343)
09:03:06  INFO  tests.TestBase - Name of method -->loginSuccessModel
09:03:06  INFO  manager.ListenerWD - before Find Elements --->By.xpath: //a[text()=' Logout ']
09:03:06  INFO  manager.ListenerWD - after Find Elements --->By.xpath: //a[text()=' Logout ']
09:03:06  INFO  manager.ListenerWD - list of elements is --->1
09:03:06  INFO  manager.ListenerWD - before Find Element --->By.xpath: //a[text()=' Logout ']
09:03:06  INFO  manager.ListenerWD - after Find Element --->By.xpath: //a[text()=' Logout ']
09:03:06  INFO  manager.ListenerWD - Location of element(869, 24)
09:03:06  INFO  tests.TestBase - Before method finish logout
09:03:06  INFO  tests.TestBase - Test start with test data --->/nUser{firstName='null', lastName='null', email='marym@gmail.com', password='Mary2023@'}
09:03:06  INFO  manager.ListenerWD - before Find Element --->By.cssSelector: a[ng-reflect-router-link='login']
09:03:06  INFO  manager.ListenerWD - after Find Element --->By.cssSelector: a[ng-reflect-router-link='login']
09:03:06  INFO  manager.ListenerWD - Location of element(1057, 24)
09:03:06  INFO  manager.ListenerWD - before Find Element --->By.id: email
09:03:07  INFO  manager.ListenerWD - after Find Element --->By.id: email
09:03:07  INFO  manager.ListenerWD - Location of element(889, 254)
09:03:07  INFO  manager.ListenerWD - before Find Element --->By.id: password
09:03:07  INFO  manager.ListenerWD - after Find Element --->By.id: password
09:03:07  INFO  manager.ListenerWD - Location of element(889, 327)
09:03:08  INFO  manager.ListenerWD - before Find Element --->By.cssSelector: button[type='submit']
09:03:08  INFO  manager.ListenerWD - after Find Element --->By.cssSelector: button[type='submit']
09:03:08  INFO  manager.ListenerWD - Location of element(889, 396)
09:03:08  INFO  manager.ListenerWD - before Find Element --->By.cssSelector: .dialog-container
09:03:08  INFO  manager.ListenerWD - after Find Element --->By.cssSelector: .dialog-container
09:03:08  INFO  manager.ListenerWD - Location of element(479, 254)
09:03:08  INFO  manager.ListenerWD - before Find Element --->By.cssSelector: .dialog-container>h2
09:03:08  INFO  manager.ListenerWD - after Find Element --->By.cssSelector: .dialog-container>h2
09:03:08  INFO  manager.ListenerWD - Location of element(456, 290)
09:03:08  INFO  tests.TestBase - Assert check message 'Logged in success' present
09:03:08  INFO  manager.ListenerWD - before Find Elements --->By.xpath: //button[text()='Ok']
09:03:08  INFO  manager.ListenerWD - after Find Elements --->By.xpath: //button[text()='Ok']
09:03:08  INFO  manager.ListenerWD - list of elements is --->1
09:03:08  INFO  manager.ListenerWD - before Find Element --->By.xpath: //button[text()='Ok']
09:03:08  INFO  manager.ListenerWD - after Find Element --->By.xpath: //button[text()='Ok']
09:03:08  INFO  manager.ListenerWD - Location of element(665, 343)
09:03:09  INFO  tests.TestBase - Name of method -->loginSuccessModel
09:03:09  INFO  manager.ListenerWD - before Find Elements --->By.xpath: //a[text()=' Logout ']
09:03:09  INFO  manager.ListenerWD - after Find Elements --->By.xpath: //a[text()=' Logout ']
09:03:09  INFO  manager.ListenerWD - list of elements is --->1
09:03:09  INFO  manager.ListenerWD - before Find Element --->By.xpath: //a[text()=' Logout ']
09:03:09  INFO  manager.ListenerWD - after Find Element --->By.xpath: //a[text()=' Logout ']
09:03:09  INFO  manager.ListenerWD - Location of element(869, 24)
09:03:09  INFO  tests.TestBase - Before method finish logout
09:03:09  INFO  tests.TestBase - Test start with test data --->/nUser{firstName='null', lastName='null', email='niln@gmail.com', password='Nn12345$'}
09:03:09  INFO  manager.ListenerWD - before Find Element --->By.cssSelector: a[ng-reflect-router-link='login']
09:03:09  INFO  manager.ListenerWD - after Find Element --->By.cssSelector: a[ng-reflect-router-link='login']
09:03:09  INFO  manager.ListenerWD - Location of element(1057, 24)
09:03:09  INFO  manager.ListenerWD - before Find Element --->By.id: email
09:03:09  INFO  manager.ListenerWD - after Find Element --->By.id: email
09:03:09  INFO  manager.ListenerWD - Location of element(889, 254)
09:03:10  INFO  manager.ListenerWD - before Find Element --->By.id: password
09:03:10  INFO  manager.ListenerWD - after Find Element --->By.id: password
09:03:10  INFO  manager.ListenerWD - Location of element(889, 327)
09:03:10  INFO  manager.ListenerWD - before Find Element --->By.cssSelector: button[type='submit']
09:03:10  INFO  manager.ListenerWD - after Find Element --->By.cssSelector: button[type='submit']
09:03:10  INFO  manager.ListenerWD - Location of element(889, 396)
09:03:10  INFO  manager.ListenerWD - before Find Element --->By.cssSelector: .dialog-container
09:03:11  INFO  manager.ListenerWD - after Find Element --->By.cssSelector: .dialog-container
09:03:11  INFO  manager.ListenerWD - Location of element(462, 249)
09:03:11  INFO  manager.ListenerWD - before Find Element --->By.cssSelector: .dialog-container>h2
09:03:11  INFO  manager.ListenerWD - after Find Element --->By.cssSelector: .dialog-container>h2
09:03:11  INFO  manager.ListenerWD - Location of element(456, 290)
09:03:11  INFO  tests.TestBase - Assert check message 'Logged in success' present
09:03:11  INFO  manager.ListenerWD - before Find Elements --->By.xpath: //button[text()='Ok']
09:03:11  INFO  manager.ListenerWD - after Find Elements --->By.xpath: //button[text()='Ok']
09:03:11  INFO  manager.ListenerWD - list of elements is --->1
09:03:11  INFO  manager.ListenerWD - before Find Element --->By.xpath: //button[text()='Ok']
09:03:11  INFO  manager.ListenerWD - after Find Element --->By.xpath: //button[text()='Ok']
09:03:11  INFO  manager.ListenerWD - Location of element(665, 343)
09:03:11  INFO  tests.TestBase - Name of method -->loginUnregisteredUser
09:03:11  INFO  manager.ListenerWD - before Find Elements --->By.xpath: //a[text()=' Logout ']
09:03:11  INFO  manager.ListenerWD - after Find Elements --->By.xpath: //a[text()=' Logout ']
09:03:11  INFO  manager.ListenerWD - list of elements is --->1
09:03:11  INFO  manager.ListenerWD - before Find Element --->By.xpath: //a[text()=' Logout ']
09:03:11  INFO  manager.ListenerWD - after Find Element --->By.xpath: //a[text()=' Logout ']
09:03:11  INFO  manager.ListenerWD - Location of element(869, 24)
09:03:11  INFO  tests.TestBase - Before method finish logout
09:03:11  INFO  tests.TestBase - Test negative check if it possible to login with valid format data unregistered user 
09:03:11  INFO  manager.ListenerWD - before Find Element --->By.cssSelector: a[ng-reflect-router-link='login']
09:03:11  INFO  manager.ListenerWD - after Find Element --->By.cssSelector: a[ng-reflect-router-link='login']
09:03:12  INFO  manager.ListenerWD - Location of element(1057, 24)
09:03:12  INFO  manager.ListenerWD - before Find Element --->By.id: email
09:03:12  INFO  manager.ListenerWD - after Find Element --->By.id: email
09:03:12  INFO  manager.ListenerWD - Location of element(889, 254)
09:03:12  INFO  manager.ListenerWD - before Find Element --->By.xpath: //input[@id='password']
09:03:12  INFO  manager.ListenerWD - after Find Element --->By.xpath: //input[@id='password']
09:03:12  INFO  manager.ListenerWD - Location of element(889, 327)
09:03:13  INFO  manager.ListenerWD - before Find Element --->By.cssSelector: button[type='submit']
09:03:13  INFO  manager.ListenerWD - after Find Element --->By.cssSelector: button[type='submit']
09:03:13  INFO  manager.ListenerWD - Location of element(889, 396)
09:03:13  INFO  manager.ListenerWD - before Find Element --->By.cssSelector: .dialog-container>h1
09:03:13  INFO  manager.ListenerWD - after Find Element --->By.cssSelector: .dialog-container>h1
09:03:13  INFO  manager.ListenerWD - Location of element(472, 252)
09:03:13  INFO  tests.TestBase - Assert check message 'Login failed' present
09:03:13  INFO  manager.ListenerWD - before Find Elements --->By.xpath: //button[text()='Ok']
09:03:13  INFO  manager.ListenerWD - after Find Elements --->By.xpath: //button[text()='Ok']
09:03:13  INFO  manager.ListenerWD - list of elements is --->1
09:03:13  INFO  manager.ListenerWD - before Find Element --->By.xpath: //button[text()='Ok']
09:03:13  INFO  manager.ListenerWD - after Find Element --->By.xpath: //button[text()='Ok']
09:03:13  INFO  manager.ListenerWD - Location of element(665, 343)
09:03:14  INFO  tests.TestBase - Name of method -->loginWrongEmail
09:03:14  INFO  manager.ListenerWD - before Find Elements --->By.xpath: //a[text()=' Logout ']
09:03:19  INFO  manager.ListenerWD - after Find Elements --->By.xpath: //a[text()=' Logout ']
09:03:19  INFO  manager.ListenerWD - list of elements is --->0
09:03:19  INFO  tests.TestBase - Test negative check if it possible to login with wrong format email 
09:03:19  INFO  manager.ListenerWD - before Find Element --->By.cssSelector: a[ng-reflect-router-link='login']
09:03:19  INFO  manager.ListenerWD - after Find Element --->By.cssSelector: a[ng-reflect-router-link='login']
09:03:19  INFO  manager.ListenerWD - Location of element(1057, 24)
09:03:19  INFO  manager.ListenerWD - before Find Element --->By.id: email
09:03:19  INFO  manager.ListenerWD - after Find Element --->By.id: email
09:03:19  INFO  manager.ListenerWD - Location of element(889, 254)
09:03:19  INFO  manager.ListenerWD - before Find Element --->By.xpath: //input[@id='password']
09:03:19  INFO  manager.ListenerWD - after Find Element --->By.xpath: //input[@id='password']
09:03:19  INFO  manager.ListenerWD - Location of element(889, 327)
09:03:20  INFO  manager.ListenerWD - before Find Element --->By.cssSelector: button[type='submit']
09:03:20  INFO  manager.ListenerWD - after Find Element --->By.cssSelector: button[type='submit']
09:03:20  INFO  manager.ListenerWD - Location of element(889, 396)
09:03:20  INFO  manager.ListenerWD - before Find Element --->By.cssSelector: .dialog-container>h1
09:03:20  INFO  manager.ListenerWD - after Find Element --->By.cssSelector: .dialog-container>h1
09:03:20  INFO  manager.ListenerWD - Location of element(490, 258)
09:03:20  INFO  tests.TestBase - Assert check message 'Login failed' present
09:03:20  INFO  manager.ListenerWD - before Find Elements --->By.xpath: //button[text()='Ok']
09:03:20  INFO  manager.ListenerWD - after Find Elements --->By.xpath: //button[text()='Ok']
09:03:20  INFO  manager.ListenerWD - list of elements is --->1
09:03:20  INFO  manager.ListenerWD - before Find Element --->By.xpath: //button[text()='Ok']
09:03:20  INFO  manager.ListenerWD - after Find Element --->By.xpath: //button[text()='Ok']
09:03:21  INFO  manager.ListenerWD - Location of element(665, 343)
09:03:21  INFO  tests.TestBase - Name of method -->loginWrongEmail2
09:03:21  INFO  manager.ListenerWD - before Find Elements --->By.xpath: //a[text()=' Logout ']
09:03:26  INFO  manager.ListenerWD - after Find Elements --->By.xpath: //a[text()=' Logout ']
09:03:26  INFO  manager.ListenerWD - list of elements is --->0
09:03:26  INFO  tests.TestBase - Test negative check if it possible to login with wrong format email 
09:03:26  INFO  manager.ListenerWD - before Find Element --->By.cssSelector: a[ng-reflect-router-link='login']
09:03:26  INFO  manager.ListenerWD - after Find Element --->By.cssSelector: a[ng-reflect-router-link='login']
09:03:26  INFO  manager.ListenerWD - Location of element(1057, 24)
09:03:26  INFO  manager.ListenerWD - before Find Element --->By.id: email
09:03:26  INFO  manager.ListenerWD - after Find Element --->By.id: email
09:03:26  INFO  manager.ListenerWD - Location of element(889, 254)
09:03:26  INFO  manager.ListenerWD - before Find Element --->By.xpath: //input[@id='password']
09:03:26  INFO  manager.ListenerWD - after Find Element --->By.xpath: //input[@id='password']
09:03:26  INFO  manager.ListenerWD - Location of element(889, 347)
09:03:27  INFO  manager.ListenerWD - before Find Element --->By.cssSelector: div.error
09:03:27  INFO  manager.ListenerWD - after Find Element --->By.cssSelector: div.error
09:03:27  INFO  manager.ListenerWD - Location of element(889, 297)
09:03:27  INFO  manager.ListenerWD - before Find Elements --->By.cssSelector: button[disabled]
09:03:27  INFO  manager.ListenerWD - after Find Elements --->By.cssSelector: button[disabled]
09:03:27  INFO  manager.ListenerWD - list of elements is --->1
09:03:27  INFO  manager.ListenerWD - before Find Element --->By.cssSelector: button[type='submit']
09:03:27  INFO  manager.ListenerWD - after Find Element --->By.cssSelector: button[type='submit']
09:03:27  INFO  manager.ListenerWD - Location of element(889, 415)
09:03:27  INFO  tests.TestBase - Assert check  'It'snot look like email' present
09:03:27  INFO  manager.ListenerWD - before Find Elements --->By.xpath: //button[text()='Ok']
09:03:32  INFO  manager.ListenerWD - after Find Elements --->By.xpath: //button[text()='Ok']
09:03:32  INFO  manager.ListenerWD - list of elements is --->0
09:03:32  INFO  tests.TestBase - Name of method -->loginWrongPassword
09:03:32  INFO  manager.ListenerWD - before Find Elements --->By.xpath: //a[text()=' Logout ']
09:03:37  INFO  manager.ListenerWD - after Find Elements --->By.xpath: //a[text()=' Logout ']
09:03:37  INFO  manager.ListenerWD - list of elements is --->0
09:03:37  INFO  tests.TestBase - Test negative check if it possible to login with wrong format password 
09:03:37  INFO  manager.ListenerWD - before Find Element --->By.cssSelector: a[ng-reflect-router-link='login']
09:03:37  INFO  manager.ListenerWD - after Find Element --->By.cssSelector: a[ng-reflect-router-link='login']
09:03:37  INFO  manager.ListenerWD - Location of element(1057, 24)
09:03:37  INFO  manager.ListenerWD - before Find Element --->By.id: email
09:03:37  INFO  manager.ListenerWD - after Find Element --->By.id: email
09:03:37  INFO  manager.ListenerWD - Location of element(889, 254)
09:03:38  INFO  manager.ListenerWD - before Find Element --->By.xpath: //input[@id='password']
09:03:38  INFO  manager.ListenerWD - after Find Element --->By.xpath: //input[@id='password']
09:03:38  INFO  manager.ListenerWD - Location of element(889, 327)
09:03:38  INFO  manager.ListenerWD - before Find Element --->By.cssSelector: button[type='submit']
09:03:38  INFO  manager.ListenerWD - after Find Element --->By.cssSelector: button[type='submit']
09:03:38  INFO  manager.ListenerWD - Location of element(889, 396)
09:03:38  INFO  manager.ListenerWD - before Find Element --->By.cssSelector: .dialog-container
09:03:39  INFO  manager.ListenerWD - after Find Element --->By.cssSelector: .dialog-container
09:03:39  INFO  manager.ListenerWD - Location of element(472, 252)
09:03:39  INFO  manager.ListenerWD - before Find Element --->By.cssSelector: .dialog-container>h2
09:03:39  INFO  manager.ListenerWD - after Find Element --->By.cssSelector: .dialog-container>h2
09:03:39  INFO  manager.ListenerWD - Location of element(457, 290)
09:03:39  INFO  tests.TestBase - Assert check message 'Login or Password incorrect' present
09:03:39  INFO  manager.ListenerWD - before Find Elements --->By.xpath: //button[text()='Ok']
09:03:39  INFO  manager.ListenerWD - after Find Elements --->By.xpath: //button[text()='Ok']
09:03:39  INFO  manager.ListenerWD - list of elements is --->1
09:03:39  INFO  manager.ListenerWD - before Find Element --->By.xpath: //button[text()='Ok']
09:03:39  INFO  manager.ListenerWD - after Find Element --->By.xpath: //button[text()='Ok']
09:03:39  INFO  manager.ListenerWD - Location of element(665, 343)
