19:17:08  INFO  manager.ApplicationManager - All tests run in Chrome Browser
19:17:12  INFO  manager.ApplicationManager - The link --->https://ilcarro.web.app/search
19:17:12  INFO  tests.TestBase - Name of method -->searchAnyPeriodSuccess
19:17:12  INFO  manager.ListenerWD - before Find Element --->By.cssSelector: a.logo
19:17:13  INFO  manager.ListenerWD - after Find Element --->By.cssSelector: a.logo
19:17:13  INFO  manager.ListenerWD - Location of element(128, 16)
19:17:14  INFO  manager.ListenerWD - before Find Element --->By.id: city
19:17:14  INFO  manager.ListenerWD - after Find Element --->By.id: city
19:17:14  INFO  manager.ListenerWD - Location of element(128, 268)
19:17:14  INFO  manager.ListenerWD - before Find Element --->By.cssSelector: div.pac-item
19:17:15  INFO  manager.ListenerWD - after Find Element --->By.cssSelector: div.pac-item
19:17:15  INFO  manager.ListenerWD - Location of element(128, 311)
19:17:15  INFO  manager.ListenerWD - before Find Element --->By.id: dates
19:17:15  INFO  manager.ListenerWD - after Find Element --->By.id: dates
19:17:15  INFO  manager.ListenerWD - Location of element(128, 361)
19:17:15  INFO  manager.ListenerWD - before Find Element --->By.id: dates
19:17:15  INFO  manager.ListenerWD - after Find Element --->By.id: dates
19:17:15  INFO  manager.ListenerWD - Location of element(128, 341)
19:17:16  INFO  manager.ListenerWD - before Find Element --->By.cssSelector: button[aria-label='Next month'
19:17:16  INFO  manager.ListenerWD - after Find Element --->By.cssSelector: button[aria-label='Next month'
19:17:16  INFO  manager.ListenerWD - Location of element(378, 30)
19:17:16  INFO  manager.ListenerWD - before Find Element --->By.cssSelector: button[aria-label='Next month'
19:17:16  INFO  manager.ListenerWD - after Find Element --->By.cssSelector: button[aria-label='Next month'
19:17:16  INFO  manager.ListenerWD - Location of element(378, 30)
19:17:16  INFO  manager.ListenerWD - before Find Element --->By.xpath: //div[text()=' 25 ']
19:17:16  INFO  manager.ListenerWD - after Find Element --->By.xpath: //div[text()=' 25 ']
19:17:16  INFO  manager.ListenerWD - Location of element(138, 275)
19:17:16  INFO  manager.ListenerWD - before Find Element --->By.cssSelector: button[aria-label='Next month'
19:17:16  INFO  manager.ListenerWD - after Find Element --->By.cssSelector: button[aria-label='Next month'
19:17:16  INFO  manager.ListenerWD - Location of element(378, 30)
19:17:16  INFO  manager.ListenerWD - before Find Element --->By.cssSelector: button[aria-label='Next month'
19:17:17  INFO  manager.ListenerWD - after Find Element --->By.cssSelector: button[aria-label='Next month'
19:17:17  INFO  manager.ListenerWD - Location of element(378, 30)
19:17:17  INFO  manager.ListenerWD - before Find Element --->By.cssSelector: button[aria-label='Next month'
19:17:17  INFO  manager.ListenerWD - after Find Element --->By.cssSelector: button[aria-label='Next month'
19:17:17  INFO  manager.ListenerWD - Location of element(378, 30)
19:17:17  INFO  manager.ListenerWD - before Find Element --->By.cssSelector: button[aria-label='Next month'
19:17:17  INFO  manager.ListenerWD - after Find Element --->By.cssSelector: button[aria-label='Next month'
19:17:17  INFO  manager.ListenerWD - Location of element(378, 30)
19:17:17  INFO  manager.ListenerWD - before Find Element --->By.cssSelector: button[aria-label='Next month'
19:17:17  INFO  manager.ListenerWD - after Find Element --->By.cssSelector: button[aria-label='Next month'
19:17:17  INFO  manager.ListenerWD - Location of element(378, 30)
19:17:17  INFO  manager.ListenerWD - before Find Element --->By.cssSelector: button[aria-label='Next month'
19:17:17  INFO  manager.ListenerWD - after Find Element --->By.cssSelector: button[aria-label='Next month'
19:17:17  INFO  manager.ListenerWD - Location of element(378, 30)
19:17:17  INFO  manager.ListenerWD - before Find Element --->By.cssSelector: button[aria-label='Next month'
19:17:17  INFO  manager.ListenerWD - after Find Element --->By.cssSelector: button[aria-label='Next month'
19:17:17  INFO  manager.ListenerWD - Location of element(378, 30)
19:17:18  INFO  manager.ListenerWD - before Find Element --->By.cssSelector: button[aria-label='Next month'
19:17:18  INFO  manager.ListenerWD - after Find Element --->By.cssSelector: button[aria-label='Next month'
19:17:18  INFO  manager.ListenerWD - Location of element(378, 30)
19:17:18  INFO  manager.ListenerWD - before Find Element --->By.cssSelector: button[aria-label='Next month'
19:17:18  INFO  manager.ListenerWD - after Find Element --->By.cssSelector: button[aria-label='Next month'
19:17:18  INFO  manager.ListenerWD - Location of element(378, 30)
19:17:18  INFO  manager.ListenerWD - before Find Element --->By.xpath: //div[text()=' 5 ']
19:17:18  INFO  manager.ListenerWD - after Find Element --->By.xpath: //div[text()=' 5 ']
19:17:18  INFO  manager.ListenerWD - Location of element(218, 155)
19:17:18  INFO  manager.ListenerWD - before Find Element --->By.cssSelector: button[type='submit']
19:17:18  INFO  manager.ListenerWD - after Find Element --->By.cssSelector: button[type='submit']
19:17:18  INFO  manager.ListenerWD - Location of element(128, 396)
19:17:18  INFO  manager.ListenerWD - before Find Elements --->By.cssSelector: a.car-container
19:17:28  INFO  manager.ListenerWD - after Find Elements --->By.cssSelector: a.car-container
19:17:28  INFO  manager.ListenerWD - list of elements is --->454
19:17:28  INFO  tests.TestBase - Name of method -->searchCurrentMonthSuccess
19:17:28  INFO  manager.ListenerWD - before Find Element --->By.cssSelector: a.logo
19:17:28  INFO  manager.ListenerWD - after Find Element --->By.cssSelector: a.logo
19:17:28  INFO  manager.ListenerWD - Location of element(128, 16)
19:17:29  INFO  manager.ListenerWD - before Find Element --->By.id: city
19:17:29  INFO  manager.ListenerWD - after Find Element --->By.id: city
19:17:29  INFO  manager.ListenerWD - Location of element(128, 268)
19:17:30  INFO  manager.ListenerWD - before Find Element --->By.cssSelector: div.pac-item
19:17:30  INFO  manager.ListenerWD - after Find Element --->By.cssSelector: div.pac-item
19:17:30  INFO  manager.ListenerWD - Huston we have a problem!
19:17:30  INFO  manager.ListenerWD - Object target --->[[ChromeDriver: chrome on WINDOWS (00305f15ed2b4c321f117824d6b8ad9c)] -> css selector: div.pac-item]
19:17:30  INFO  manager.ListenerWD - ***********************
19:17:30  INFO  manager.ListenerWD - Method name --->getLocation
19:17:30  INFO  manager.ListenerWD - ***********************
19:17:30  INFO  manager.ListenerWD - ***********************
19:17:30  INFO  manager.ListenerWD - ***********************
19:17:30  INFO  manager.ListenerWD - InvocationTargetException & getTargetException ---->org.openqa.selenium.StaleElementReferenceException: stale element reference: element is not attached to the page document
  (Session info: chrome=112.0.5615.138)
For documentation on this error, please visit: https://selenium.dev/exceptions/#stale_element_reference
Build info: version: '4.7.0', revision: '0a5b49d16f'
System info: os.name: 'Windows 11', os.arch: 'amd64', os.version: '10.0', java.version: '11.0.18'
Driver info: org.openqa.selenium.chrome.ChromeDriver
Command: [00305f15ed2b4c321f117824d6b8ad9c, getElementRect {id=73780473-1899-4497-8865-00007edab1ee}]
Capabilities {acceptInsecureCerts: false, browserName: chrome, browserVersion: 112.0.5615.138, chrome: {chromedriverVersion: 111.0.5563.64 (c710e93d5b63..., userDataDir: C:\Users\pv297\AppData\Loca...}, goog:chromeOptions: {debuggerAddress: localhost:49591}, networkConnectionEnabled: false, pageLoadStrategy: normal, platformName: WINDOWS, proxy: Proxy(), se:cdp: ws://localhost:49591/devtoo..., se:cdpVersion: 112.0.5615.138, setWindowRect: true, strictFileInteractability: false, timeouts: {implicit: 0, pageLoad: 300000, script: 30000}, unhandledPromptBehavior: dismiss and notify, webauthn:extension:credBlob: true, webauthn:extension:largeBlob: true, webauthn:extension:minPinLength: true, webauthn:extension:prf: true, webauthn:virtualAuthenticators: true}
Element: [[ChromeDriver: chrome on WINDOWS (00305f15ed2b4c321f117824d6b8ad9c)] -> css selector: div.pac-item]
Session ID: 00305f15ed2b4c321f117824d6b8ad9c
19:17:30  INFO  manager.ListenerWD - ***********************
19:17:30  INFO  manager.ListenerWD - Screen with error is --->src/test/screenshots/screen_1596.png
19:17:30  INFO  manager.ListenerWD - Huston we have a problem!
19:17:30  INFO  manager.ListenerWD - Object target --->[[ChromeDriver: chrome on WINDOWS (00305f15ed2b4c321f117824d6b8ad9c)] -> css selector: div.pac-item]
19:17:30  INFO  manager.ListenerWD - ***********************
19:17:30  INFO  manager.ListenerWD - Method name --->click
19:17:30  INFO  manager.ListenerWD - ***********************
19:17:30  INFO  manager.ListenerWD - ***********************
19:17:30  INFO  manager.ListenerWD - ***********************
19:17:30  INFO  manager.ListenerWD - InvocationTargetException & getTargetException ---->org.openqa.selenium.StaleElementReferenceException: stale element reference: element is not attached to the page document
  (Session info: chrome=112.0.5615.138)
For documentation on this error, please visit: https://selenium.dev/exceptions/#stale_element_reference
Build info: version: '4.7.0', revision: '0a5b49d16f'
System info: os.name: 'Windows 11', os.arch: 'amd64', os.version: '10.0', java.version: '11.0.18'
Driver info: org.openqa.selenium.chrome.ChromeDriver
Command: [00305f15ed2b4c321f117824d6b8ad9c, clickElement {id=73780473-1899-4497-8865-00007edab1ee}]
Capabilities {acceptInsecureCerts: false, browserName: chrome, browserVersion: 112.0.5615.138, chrome: {chromedriverVersion: 111.0.5563.64 (c710e93d5b63..., userDataDir: C:\Users\pv297\AppData\Loca...}, goog:chromeOptions: {debuggerAddress: localhost:49591}, networkConnectionEnabled: false, pageLoadStrategy: normal, platformName: WINDOWS, proxy: Proxy(), se:cdp: ws://localhost:49591/devtoo..., se:cdpVersion: 112.0.5615.138, setWindowRect: true, strictFileInteractability: false, timeouts: {implicit: 0, pageLoad: 300000, script: 30000}, unhandledPromptBehavior: dismiss and notify, webauthn:extension:credBlob: true, webauthn:extension:largeBlob: true, webauthn:extension:minPinLength: true, webauthn:extension:prf: true, webauthn:virtualAuthenticators: true}
Element: [[ChromeDriver: chrome on WINDOWS (00305f15ed2b4c321f117824d6b8ad9c)] -> css selector: div.pac-item]
Session ID: 00305f15ed2b4c321f117824d6b8ad9c
19:17:30  INFO  manager.ListenerWD - ***********************
19:17:30  INFO  manager.ListenerWD - Screen with error is --->src/test/screenshots/screen_1264.png
19:17:30  INFO  tests.TestBase - Name of method -->searchCurrentYearSuccess
19:17:30  INFO  manager.ListenerWD - before Find Element --->By.cssSelector: a.logo
19:17:30  INFO  manager.ListenerWD - after Find Element --->By.cssSelector: a.logo
19:17:30  INFO  manager.ListenerWD - Location of element(128, 16)
19:17:31  INFO  manager.ListenerWD - before Find Element --->By.id: city
19:17:31  INFO  manager.ListenerWD - after Find Element --->By.id: city
19:17:31  INFO  manager.ListenerWD - Location of element(128, 268)
19:17:31  INFO  manager.ListenerWD - before Find Element --->By.cssSelector: div.pac-item
19:17:31  INFO  manager.ListenerWD - after Find Element --->By.cssSelector: div.pac-item
19:17:31  INFO  manager.ListenerWD - Location of element(128, 311)
19:17:31  INFO  manager.ListenerWD - before Find Element --->By.id: dates
19:17:31  INFO  manager.ListenerWD - after Find Element --->By.id: dates
19:17:31  INFO  manager.ListenerWD - Location of element(128, 341)
19:17:32  INFO  manager.ListenerWD - before Find Element --->By.id: dates
19:17:32  INFO  manager.ListenerWD - after Find Element --->By.id: dates
19:17:32  INFO  manager.ListenerWD - Location of element(128, 341)
19:17:32  INFO  manager.ListenerWD - before Find Element --->By.cssSelector: button[aria-label='Next month'
19:17:32  INFO  manager.ListenerWD - after Find Element --->By.cssSelector: button[aria-label='Next month'
19:17:32  INFO  manager.ListenerWD - Location of element(378, 38)
19:17:32  INFO  manager.ListenerWD - before Find Element --->By.cssSelector: button[aria-label='Next month'
19:17:32  INFO  manager.ListenerWD - after Find Element --->By.cssSelector: button[aria-label='Next month'
19:17:32  INFO  manager.ListenerWD - Location of element(378, 30)
19:17:32  INFO  manager.ListenerWD - before Find Element --->By.xpath: //div[text()=' 30 ']
19:17:32  INFO  manager.ListenerWD - after Find Element --->By.xpath: //div[text()=' 30 ']
19:17:32  INFO  manager.ListenerWD - Location of element(338, 275)
19:17:32  INFO  manager.ListenerWD - before Find Element --->By.cssSelector: button[aria-label='Next month'
19:17:32  INFO  manager.ListenerWD - after Find Element --->By.cssSelector: button[aria-label='Next month'
19:17:32  INFO  manager.ListenerWD - Location of element(378, 30)
19:17:32  INFO  manager.ListenerWD - before Find Element --->By.cssSelector: button[aria-label='Next month'
19:17:32  INFO  manager.ListenerWD - after Find Element --->By.cssSelector: button[aria-label='Next month'
19:17:32  INFO  manager.ListenerWD - Location of element(378, 30)
19:17:32  INFO  manager.ListenerWD - before Find Element --->By.cssSelector: button[aria-label='Next month'
19:17:32  INFO  manager.ListenerWD - after Find Element --->By.cssSelector: button[aria-label='Next month'
19:17:32  INFO  manager.ListenerWD - Location of element(378, 30)
19:17:33  INFO  manager.ListenerWD - before Find Element --->By.cssSelector: button[aria-label='Next month'
19:17:33  INFO  manager.ListenerWD - after Find Element --->By.cssSelector: button[aria-label='Next month'
19:17:33  INFO  manager.ListenerWD - Location of element(378, 30)
19:17:33  INFO  manager.ListenerWD - before Find Element --->By.xpath: //div[text()=' 28 ']
19:17:33  INFO  manager.ListenerWD - after Find Element --->By.xpath: //div[text()=' 28 ']
19:17:33  INFO  manager.ListenerWD - Location of element(378, 275)
19:17:33  INFO  manager.ListenerWD - before Find Element --->By.cssSelector: button[type='submit']
19:17:33  INFO  manager.ListenerWD - after Find Element --->By.cssSelector: button[type='submit']
19:17:33  INFO  manager.ListenerWD - Location of element(128, 396)
19:17:33  INFO  manager.ListenerWD - before Find Elements --->By.cssSelector: a.car-container
19:17:38  INFO  manager.ListenerWD - after Find Elements --->By.cssSelector: a.car-container
19:17:38  INFO  manager.ListenerWD - list of elements is --->454
