19:23:25  INFO  manager.ApplicationManager - All tests run in Chrome Browser
19:23:29  INFO  manager.ApplicationManager - The link --->https://ilcarro.web.app/search
19:23:29  INFO  tests.TestBase - Name of method -->searchAnyPeriodSuccess
19:23:29  INFO  manager.ListenerWD - before Find Element --->By.cssSelector: a.logo
19:23:29  INFO  manager.ListenerWD - after Find Element --->By.cssSelector: a.logo
19:23:29  INFO  manager.ListenerWD - Location of element(128, 16)
19:23:30  INFO  manager.ListenerWD - before Find Element --->By.id: city
19:23:30  INFO  manager.ListenerWD - after Find Element --->By.id: city
19:23:30  INFO  manager.ListenerWD - Location of element(128, 268)
19:23:30  INFO  manager.ListenerWD - before Find Element --->By.cssSelector: div.pac-item
19:23:31  INFO  manager.ListenerWD - after Find Element --->By.cssSelector: div.pac-item
19:23:31  INFO  manager.ListenerWD - Location of element(128, 311)
19:23:32  INFO  manager.ListenerWD - before Find Element --->By.id: dates
19:23:32  INFO  manager.ListenerWD - after Find Element --->By.id: dates
19:23:32  INFO  manager.ListenerWD - Location of element(128, 361)
19:23:32  INFO  manager.ListenerWD - before Find Element --->By.id: dates
19:23:32  INFO  manager.ListenerWD - after Find Element --->By.id: dates
19:23:32  INFO  manager.ListenerWD - Location of element(128, 341)
19:23:32  INFO  manager.ListenerWD - before Find Element --->By.cssSelector: button[aria-label='Next month'
19:23:32  INFO  manager.ListenerWD - after Find Element --->By.cssSelector: button[aria-label='Next month'
19:23:32  INFO  manager.ListenerWD - Location of element(378, 30)
19:23:32  INFO  manager.ListenerWD - before Find Element --->By.cssSelector: button[aria-label='Next month'
19:23:33  INFO  manager.ListenerWD - after Find Element --->By.cssSelector: button[aria-label='Next month'
19:23:33  INFO  manager.ListenerWD - Location of element(378, 30)
19:23:33  INFO  manager.ListenerWD - before Find Element --->By.xpath: //div[text()=' 25 ']
19:23:33  INFO  manager.ListenerWD - after Find Element --->By.xpath: //div[text()=' 25 ']
19:23:33  INFO  manager.ListenerWD - Location of element(138, 275)
19:23:33  INFO  manager.ListenerWD - before Find Element --->By.cssSelector: button[aria-label='Next month'
19:23:33  INFO  manager.ListenerWD - after Find Element --->By.cssSelector: button[aria-label='Next month'
19:23:33  INFO  manager.ListenerWD - Location of element(378, 30)
19:23:33  INFO  manager.ListenerWD - before Find Element --->By.cssSelector: button[aria-label='Next month'
19:23:33  INFO  manager.ListenerWD - after Find Element --->By.cssSelector: button[aria-label='Next month'
19:23:33  INFO  manager.ListenerWD - Location of element(378, 30)
19:23:33  INFO  manager.ListenerWD - before Find Element --->By.cssSelector: button[aria-label='Next month'
19:23:33  INFO  manager.ListenerWD - after Find Element --->By.cssSelector: button[aria-label='Next month'
19:23:33  INFO  manager.ListenerWD - Location of element(378, 30)
19:23:33  INFO  manager.ListenerWD - before Find Element --->By.cssSelector: button[aria-label='Next month'
19:23:33  INFO  manager.ListenerWD - after Find Element --->By.cssSelector: button[aria-label='Next month'
19:23:33  INFO  manager.ListenerWD - Location of element(378, 30)
19:23:34  INFO  manager.ListenerWD - before Find Element --->By.cssSelector: button[aria-label='Next month'
19:23:34  INFO  manager.ListenerWD - after Find Element --->By.cssSelector: button[aria-label='Next month'
19:23:34  INFO  manager.ListenerWD - Location of element(378, 30)
19:23:34  INFO  manager.ListenerWD - before Find Element --->By.cssSelector: button[aria-label='Next month'
19:23:34  INFO  manager.ListenerWD - after Find Element --->By.cssSelector: button[aria-label='Next month'
19:23:34  INFO  manager.ListenerWD - Location of element(378, 30)
19:23:34  INFO  manager.ListenerWD - before Find Element --->By.cssSelector: button[aria-label='Next month'
19:23:34  INFO  manager.ListenerWD - after Find Element --->By.cssSelector: button[aria-label='Next month'
19:23:34  INFO  manager.ListenerWD - Location of element(378, 30)
19:23:34  INFO  manager.ListenerWD - before Find Element --->By.cssSelector: button[aria-label='Next month'
19:23:34  INFO  manager.ListenerWD - after Find Element --->By.cssSelector: button[aria-label='Next month'
19:23:34  INFO  manager.ListenerWD - Location of element(378, 30)
19:23:34  INFO  manager.ListenerWD - before Find Element --->By.cssSelector: button[aria-label='Next month'
19:23:34  INFO  manager.ListenerWD - after Find Element --->By.cssSelector: button[aria-label='Next month'
19:23:34  INFO  manager.ListenerWD - Location of element(378, 30)
19:23:34  INFO  manager.ListenerWD - before Find Element --->By.xpath: //div[text()=' 5 ']
19:23:34  INFO  manager.ListenerWD - after Find Element --->By.xpath: //div[text()=' 5 ']
19:23:34  INFO  manager.ListenerWD - Location of element(218, 155)
19:23:34  INFO  manager.ListenerWD - before Find Element --->By.cssSelector: button[type='submit']
19:23:34  INFO  manager.ListenerWD - after Find Element --->By.cssSelector: button[type='submit']
19:23:34  INFO  manager.ListenerWD - Location of element(128, 396)
19:23:35  INFO  manager.ListenerWD - before Find Elements --->By.cssSelector: a.car-container
19:23:44  INFO  manager.ListenerWD - after Find Elements --->By.cssSelector: a.car-container
19:23:44  INFO  manager.ListenerWD - list of elements is --->454
19:23:44  INFO  tests.TestBase - Name of method -->searchCurrentMonthSuccess
19:23:44  INFO  manager.ListenerWD - before Find Element --->By.cssSelector: a.logo
19:23:44  INFO  manager.ListenerWD - after Find Element --->By.cssSelector: a.logo
19:23:44  INFO  manager.ListenerWD - Location of element(128, 16)
19:23:45  INFO  manager.ListenerWD - before Find Element --->By.id: city
19:23:45  INFO  manager.ListenerWD - after Find Element --->By.id: city
19:23:45  INFO  manager.ListenerWD - Location of element(128, 268)
19:23:45  INFO  manager.ListenerWD - before Find Element --->By.id: city
19:23:45  INFO  manager.ListenerWD - after Find Element --->By.id: city
19:23:45  INFO  manager.ListenerWD - Location of element(128, 268)
19:23:45  INFO  manager.ListenerWD - before Find Element --->By.cssSelector: div.pac-item
19:23:46  INFO  manager.ListenerWD - after Find Element --->By.cssSelector: div.pac-item
19:23:46  INFO  manager.ListenerWD - Location of element(128, 311)
19:23:46  INFO  manager.ListenerWD - before Find Element --->By.id: dates
19:23:46  INFO  manager.ListenerWD - after Find Element --->By.id: dates
19:23:46  INFO  manager.ListenerWD - Location of element(128, 341)
19:23:46  INFO  manager.ListenerWD - before Find Element --->By.id: dates
19:23:46  INFO  manager.ListenerWD - after Find Element --->By.id: dates
19:23:46  INFO  manager.ListenerWD - Location of element(128, 341)
19:23:46  INFO  manager.ListenerWD - before Find Element --->By.xpath: //div[text()=' 25 ']
19:23:46  INFO  manager.ListenerWD - after Find Element --->By.xpath: //div[text()=' 25 ']
19:23:46  INFO  manager.ListenerWD - Location of element(218, 277)
19:23:46  INFO  manager.ListenerWD - before Find Element --->By.xpath: //div[text()=' 28 ']
19:23:46  INFO  manager.ListenerWD - after Find Element --->By.xpath: //div[text()=' 28 ']
19:23:46  INFO  manager.ListenerWD - Location of element(338, 275)
19:23:46  INFO  manager.ListenerWD - before Find Element --->By.cssSelector: button[type='submit']
19:23:46  INFO  manager.ListenerWD - after Find Element --->By.cssSelector: button[type='submit']
19:23:46  INFO  manager.ListenerWD - Location of element(128, 396)
19:23:47  INFO  manager.ListenerWD - before Find Elements --->By.cssSelector: a.car-container
19:23:51  INFO  manager.ListenerWD - after Find Elements --->By.cssSelector: a.car-container
19:23:51  INFO  manager.ListenerWD - list of elements is --->454
19:23:51  INFO  tests.TestBase - Name of method -->searchCurrentYearSuccess
19:23:51  INFO  manager.ListenerWD - before Find Element --->By.cssSelector: a.logo
19:23:52  INFO  manager.ListenerWD - after Find Element --->By.cssSelector: a.logo
19:23:52  INFO  manager.ListenerWD - Location of element(128, 16)
19:23:52  INFO  manager.ListenerWD - before Find Element --->By.id: city
19:23:52  INFO  manager.ListenerWD - after Find Element --->By.id: city
19:23:52  INFO  manager.ListenerWD - Location of element(128, 268)
19:23:53  INFO  manager.ListenerWD - before Find Element --->By.cssSelector: div.pac-item
19:23:53  INFO  manager.ListenerWD - after Find Element --->By.cssSelector: div.pac-item
19:23:53  INFO  manager.ListenerWD - Location of element(128, 311)
19:23:53  INFO  manager.ListenerWD - before Find Element --->By.id: dates
19:23:53  INFO  manager.ListenerWD - after Find Element --->By.id: dates
19:23:53  INFO  manager.ListenerWD - Location of element(128, 341)
19:23:53  INFO  manager.ListenerWD - before Find Element --->By.id: dates
19:23:53  INFO  manager.ListenerWD - after Find Element --->By.id: dates
19:23:53  INFO  manager.ListenerWD - Location of element(128, 341)
19:23:53  INFO  manager.ListenerWD - before Find Element --->By.cssSelector: button[aria-label='Next month'
19:23:53  INFO  manager.ListenerWD - after Find Element --->By.cssSelector: button[aria-label='Next month'
19:23:53  INFO  manager.ListenerWD - Location of element(378, 38)
19:23:54  INFO  manager.ListenerWD - before Find Element --->By.cssSelector: button[aria-label='Next month'
19:23:54  INFO  manager.ListenerWD - after Find Element --->By.cssSelector: button[aria-label='Next month'
19:23:54  INFO  manager.ListenerWD - Location of element(378, 30)
19:23:54  INFO  manager.ListenerWD - before Find Element --->By.xpath: //div[text()=' 30 ']
19:23:54  INFO  manager.ListenerWD - after Find Element --->By.xpath: //div[text()=' 30 ']
19:23:54  INFO  manager.ListenerWD - Location of element(338, 275)
19:23:54  INFO  manager.ListenerWD - before Find Element --->By.cssSelector: button[aria-label='Next month'
19:23:54  INFO  manager.ListenerWD - after Find Element --->By.cssSelector: button[aria-label='Next month'
19:23:54  INFO  manager.ListenerWD - Location of element(378, 30)
19:23:54  INFO  manager.ListenerWD - before Find Element --->By.cssSelector: button[aria-label='Next month'
19:23:54  INFO  manager.ListenerWD - after Find Element --->By.cssSelector: button[aria-label='Next month'
19:23:54  INFO  manager.ListenerWD - Location of element(378, 30)
19:23:54  INFO  manager.ListenerWD - before Find Element --->By.cssSelector: button[aria-label='Next month'
19:23:54  INFO  manager.ListenerWD - after Find Element --->By.cssSelector: button[aria-label='Next month'
19:23:54  INFO  manager.ListenerWD - Location of element(378, 30)
19:23:54  INFO  manager.ListenerWD - before Find Element --->By.cssSelector: button[aria-label='Next month'
19:23:54  INFO  manager.ListenerWD - after Find Element --->By.cssSelector: button[aria-label='Next month'
19:23:54  INFO  manager.ListenerWD - Location of element(378, 30)
19:23:54  INFO  manager.ListenerWD - before Find Element --->By.xpath: //div[text()=' 28 ']
19:23:54  INFO  manager.ListenerWD - after Find Element --->By.xpath: //div[text()=' 28 ']
19:23:54  INFO  manager.ListenerWD - Location of element(378, 275)
19:23:55  INFO  manager.ListenerWD - before Find Element --->By.cssSelector: button[type='submit']
19:23:55  INFO  manager.ListenerWD - after Find Element --->By.cssSelector: button[type='submit']
19:23:55  INFO  manager.ListenerWD - Location of element(128, 396)
19:23:55  INFO  manager.ListenerWD - before Find Elements --->By.cssSelector: a.car-container
19:23:59  INFO  manager.ListenerWD - after Find Elements --->By.cssSelector: a.car-container
19:23:59  INFO  manager.ListenerWD - list of elements is --->454
