13:40:04  INFO  manager.ApplicationManager - All tests run in Chrome Browser
13:40:09  INFO  manager.ApplicationManager - The link --->https://ilcarro.web.app/search
13:40:09  INFO  tests.TestBase - Name of method -->loginSuccess1
13:40:09  INFO  manager.ListenerWD - before Find Elements --->By.xpath: //a[text()=' Logout ']
13:40:14  INFO  manager.ListenerWD - after Find Elements --->By.xpath: //a[text()=' Logout ']
13:40:14  INFO  manager.ListenerWD - list of elements is --->0
13:40:14  INFO  tests.TestBase - Test start with test data --->User{firstName='null', lastName='null', email='marym@gmail.com', password='Mary2023@'}
13:40:14  INFO  manager.ListenerWD - before Find Element --->By.cssSelector: a[ng-reflect-router-link='login']
13:40:14  INFO  manager.ListenerWD - after Find Element --->By.cssSelector: a[ng-reflect-router-link='login']
13:40:14  INFO  manager.ListenerWD - Location of element(1057, 24)
13:40:14  INFO  manager.ListenerWD - before Find Element --->By.id: email
13:40:14  INFO  manager.ListenerWD - after Find Element --->By.id: email
13:40:14  INFO  manager.ListenerWD - Location of element(889, 254)
13:40:15  INFO  manager.ListenerWD - before Find Element --->By.id: passwordQQQ
13:40:20  INFO  manager.ListenerWD - Huston we have a problem!
13:40:20  INFO  manager.ListenerWD - Object target --->ChromeDriver: chrome on WINDOWS (b69d143fd3419b3503ed7c9eb0351404)
13:40:20  INFO  manager.ListenerWD - ***********************
13:40:20  INFO  manager.ListenerWD - Method name --->findElement
13:40:20  INFO  manager.ListenerWD - ***********************
13:40:20  INFO  manager.ListenerWD - ***********************
13:40:20  INFO  manager.ListenerWD - ***********************
13:40:20  INFO  manager.ListenerWD - InvocationTargetException & getTargetException ---->org.openqa.selenium.NoSuchElementException: no such element: Unable to locate element: {"method":"css selector","selector":"#passwordQQQ"}
  (Session info: chrome=112.0.5615.138)
For documentation on this error, please visit: https://selenium.dev/exceptions/#no_such_element
Build info: version: '4.7.0', revision: '0a5b49d16f'
System info: os.name: 'Windows 11', os.arch: 'amd64', os.version: '10.0', java.version: '11.0.18'
Driver info: org.openqa.selenium.chrome.ChromeDriver
Command: [b69d143fd3419b3503ed7c9eb0351404, findElement {using=id, value=passwordQQQ}]
Capabilities {acceptInsecureCerts: false, browserName: chrome, browserVersion: 112.0.5615.138, chrome: {chromedriverVersion: 111.0.5563.64 (c710e93d5b63..., userDataDir: C:\Users\pv297\AppData\Loca...}, goog:chromeOptions: {debuggerAddress: localhost:52961}, networkConnectionEnabled: false, pageLoadStrategy: normal, platformName: WINDOWS, proxy: Proxy(), se:cdp: ws://localhost:52961/devtoo..., se:cdpVersion: 112.0.5615.138, setWindowRect: true, strictFileInteractability: false, timeouts: {implicit: 0, pageLoad: 300000, script: 30000}, unhandledPromptBehavior: dismiss and notify, webauthn:extension:credBlob: true, webauthn:extension:largeBlob: true, webauthn:extension:minPinLength: true, webauthn:extension:prf: true, webauthn:virtualAuthenticators: true}
Session ID: b69d143fd3419b3503ed7c9eb0351404
13:40:20  INFO  manager.ListenerWD - ***********************
13:40:20  INFO  manager.ListenerWD - Screen with error is --->src/test/screenshots/screen_1514.png
13:40:21  INFO  manager.ListenerWD - before Find Elements --->By.xpath: //button[text()='Ok']
13:40:26  INFO  manager.ListenerWD - after Find Elements --->By.xpath: //button[text()='Ok']
13:40:26  INFO  manager.ListenerWD - list of elements is --->0
