16:39:42  INFO  manager.ApplicationManager - All tests run in Chrome Browser
16:39:45  INFO  manager.ApplicationManager - The link --->https://ilcarro.web.app/search
16:39:45  INFO  tests.TestBase - Name of method -->searchAnyPeriodSuccess
16:39:45  INFO  manager.ListenerWD - before Find Element --->By.id: city
16:39:45  INFO  manager.ListenerWD - after Find Element --->By.id: city
16:39:45  INFO  manager.ListenerWD - Location of element(128, 268)
16:39:46  INFO  manager.ListenerWD - before Find Element --->By.cssSelector: div.pac-item
16:39:47  INFO  manager.ListenerWD - after Find Element --->By.cssSelector: div.pac-item
16:39:47  INFO  manager.ListenerWD - Location of element(128, 311)
16:39:47  INFO  manager.ListenerWD - before Find Element --->By.id: dates
16:39:47  INFO  manager.ListenerWD - after Find Element --->By.id: dates
16:39:47  INFO  manager.ListenerWD - Location of element(128, 361)
16:39:47  INFO  manager.ListenerWD - before Find Element --->By.xpath: //div[text()=' 25 ']
16:39:47  INFO  manager.ListenerWD - after Find Element --->By.xpath: //div[text()=' 25 ']
16:39:47  INFO  manager.ListenerWD - Location of element(218, 275)
16:39:47  INFO  manager.ListenerWD - before Find Element --->By.xpath: //div[text()=' 28 ']
16:39:47  INFO  manager.ListenerWD - after Find Element --->By.xpath: //div[text()=' 28 ']
16:39:47  INFO  manager.ListenerWD - Location of element(338, 275)
16:39:48  INFO  manager.ListenerWD - before Find Element --->By.cssSelector: button[type='submit']
16:39:48  INFO  manager.ListenerWD - after Find Element --->By.cssSelector: button[type='submit']
16:39:48  INFO  manager.ListenerWD - Location of element(128, 396)
16:39:48  INFO  manager.ListenerWD - before Find Elements --->By.cssSelector: a.car-container
16:39:58  INFO  manager.ListenerWD - after Find Elements --->By.cssSelector: a.car-container
16:39:58  INFO  manager.ListenerWD - list of elements is --->454
