17:10:18  INFO  manager.ApplicationManager - All tests run in Chrome Browser
17:10:21  INFO  manager.ApplicationManager - The link --->https://ilcarro.web.app/search
17:10:21  INFO  tests.TestBase - Name of method -->searchAnyPeriodSuccess
17:10:21  INFO  manager.ListenerWD - before Find Element --->By.id: city
17:10:21  INFO  manager.ListenerWD - after Find Element --->By.id: city
17:10:21  INFO  manager.ListenerWD - Location of element(128, 268)
17:10:21  INFO  manager.ListenerWD - before Find Element --->By.cssSelector: div.pac-item
17:10:22  INFO  manager.ListenerWD - after Find Element --->By.cssSelector: div.pac-item
17:10:22  INFO  manager.ListenerWD - Location of element(128, 311)
17:10:22  INFO  manager.ListenerWD - before Find Element --->By.id: dates
17:10:23  INFO  manager.ListenerWD - after Find Element --->By.id: dates
17:10:23  INFO  manager.ListenerWD - Location of element(128, 361)
17:10:23  INFO  manager.ListenerWD - before Find Element --->By.cssSelector: button[aria-label='Next month'
17:10:23  INFO  manager.ListenerWD - after Find Element --->By.cssSelector: button[aria-label='Next month'
17:10:23  INFO  manager.ListenerWD - Location of element(378, 29)
17:10:23  INFO  manager.ListenerWD - before Find Element --->By.cssSelector: button[aria-label='Next month'
17:10:23  INFO  manager.ListenerWD - after Find Element --->By.cssSelector: button[aria-label='Next month'
17:10:23  INFO  manager.ListenerWD - Location of element(378, 29)
17:10:23  INFO  manager.ListenerWD - before Find Element --->By.xpath: //div[text()=' 25 ']
17:10:23  INFO  manager.ListenerWD - after Find Element --->By.xpath: //div[text()=' 25 ']
17:10:23  INFO  manager.ListenerWD - Location of element(138, 274)
17:10:28  INFO  manager.ListenerWD - before Find Element --->By.cssSelector: button[aria-label='Next month'
17:10:28  INFO  manager.ListenerWD - after Find Element --->By.cssSelector: button[aria-label='Next month'
17:10:28  INFO  manager.ListenerWD - Location of element(378, 29)
17:10:28  INFO  manager.ListenerWD - before Find Element --->By.cssSelector: button[aria-label='Next month'
17:10:28  INFO  manager.ListenerWD - after Find Element --->By.cssSelector: button[aria-label='Next month'
17:10:28  INFO  manager.ListenerWD - Location of element(378, 29)
17:10:28  INFO  manager.ListenerWD - before Find Element --->By.cssSelector: button[aria-label='Next month'
17:10:29  INFO  manager.ListenerWD - after Find Element --->By.cssSelector: button[aria-label='Next month'
17:10:29  INFO  manager.ListenerWD - Location of element(378, 29)
17:10:29  INFO  manager.ListenerWD - before Find Element --->By.cssSelector: button[aria-label='Next month'
17:10:29  INFO  manager.ListenerWD - after Find Element --->By.cssSelector: button[aria-label='Next month'
17:10:29  INFO  manager.ListenerWD - Location of element(378, 29)
17:10:29  INFO  manager.ListenerWD - before Find Element --->By.cssSelector: button[aria-label='Next month'
17:10:29  INFO  manager.ListenerWD - after Find Element --->By.cssSelector: button[aria-label='Next month'
17:10:29  INFO  manager.ListenerWD - Location of element(378, 29)
17:10:29  INFO  manager.ListenerWD - before Find Element --->By.cssSelector: button[aria-label='Next month'
17:10:29  INFO  manager.ListenerWD - after Find Element --->By.cssSelector: button[aria-label='Next month'
17:10:29  INFO  manager.ListenerWD - Location of element(378, 29)
17:10:29  INFO  manager.ListenerWD - before Find Element --->By.cssSelector: button[aria-label='Next month'
17:10:29  INFO  manager.ListenerWD - after Find Element --->By.cssSelector: button[aria-label='Next month'
17:10:29  INFO  manager.ListenerWD - Location of element(378, 29)
17:10:29  INFO  manager.ListenerWD - before Find Element --->By.cssSelector: button[aria-label='Next month'
17:10:29  INFO  manager.ListenerWD - after Find Element --->By.cssSelector: button[aria-label='Next month'
17:10:29  INFO  manager.ListenerWD - Location of element(378, 29)
17:10:29  INFO  manager.ListenerWD - before Find Element --->By.cssSelector: button[aria-label='Next month'
17:10:29  INFO  manager.ListenerWD - after Find Element --->By.cssSelector: button[aria-label='Next month'
17:10:29  INFO  manager.ListenerWD - Location of element(378, 29)
17:10:29  INFO  manager.ListenerWD - before Find Element --->By.xpath: //div[text()=' 28 ']
17:10:29  INFO  manager.ListenerWD - after Find Element --->By.xpath: //div[text()=' 28 ']
17:10:29  INFO  manager.ListenerWD - Location of element(298, 274)
17:10:29  INFO  manager.ListenerWD - before Find Element --->By.cssSelector: button[type='submit']
17:10:30  INFO  manager.ListenerWD - after Find Element --->By.cssSelector: button[type='submit']
17:10:30  INFO  manager.ListenerWD - Location of element(128, 396)
17:10:30  INFO  manager.ListenerWD - before Find Elements --->By.cssSelector: a.car-container
17:10:36  INFO  manager.ListenerWD - after Find Elements --->By.cssSelector: a.car-container
17:10:36  INFO  manager.ListenerWD - list of elements is --->454
