09:01:59  INFO  manager.ApplicationManager - All tests run in Chrome Browser
09:02:03  INFO  manager.ApplicationManager - The link --->https://ilcarro.web.app/search
09:02:03  INFO  tests.TestBase - Name of method -->loginSuccessModel
09:02:03  INFO  manager.ListenerWD - before Find Elements --->By.xpath: //a[text()=' Logout ']
09:02:08  INFO  manager.ListenerWD - after Find Elements --->By.xpath: //a[text()=' Logout ']
09:02:08  INFO  manager.ListenerWD - list of elements is --->0
09:02:08  INFO  tests.TestBase - Test start with test data --->/nUser{firstName='null', lastName='null', email='marym@gmail.com', password='Mary2023@'}
09:02:08  INFO  manager.ListenerWD - before Find Element --->By.cssSelector: a[ng-reflect-router-link='login']
09:02:09  INFO  manager.ListenerWD - after Find Element --->By.cssSelector: a[ng-reflect-router-link='login']
09:02:09  INFO  manager.ListenerWD - Location of element(1057, 24)
09:02:09  INFO  manager.ListenerWD - before Find Element --->By.id: email
09:02:09  INFO  manager.ListenerWD - after Find Element --->By.id: email
09:02:09  INFO  manager.ListenerWD - Location of element(889, 254)
09:02:10  INFO  manager.ListenerWD - before Find Element --->By.id: password
09:02:10  INFO  manager.ListenerWD - after Find Element --->By.id: password
09:02:10  INFO  manager.ListenerWD - Location of element(889, 327)
09:02:10  INFO  manager.ListenerWD - before Find Element --->By.cssSelector: button[type='submit']
09:02:10  INFO  manager.ListenerWD - after Find Element --->By.cssSelector: button[type='submit']
09:02:10  INFO  manager.ListenerWD - Location of element(889, 396)
09:02:10  INFO  manager.ListenerWD - before Find Element --->By.cssSelector: .dialog-container
09:02:11  INFO  manager.ListenerWD - after Find Element --->By.cssSelector: .dialog-container
09:02:11  INFO  manager.ListenerWD - Location of element(466, 250)
09:02:11  INFO  manager.ListenerWD - before Find Element --->By.cssSelector: .dialog-container>h2
09:02:11  INFO  manager.ListenerWD - after Find Element --->By.cssSelector: .dialog-container>h2
09:02:12  INFO  manager.ListenerWD - Location of element(455, 290)
09:02:12  INFO  tests.TestBase - Assert check message 'Logged in success' present
09:02:12  INFO  manager.ListenerWD - before Find Elements --->By.xpath: //button[text()='Ok']
09:02:12  INFO  manager.ListenerWD - after Find Elements --->By.xpath: //button[text()='Ok']
09:02:12  INFO  manager.ListenerWD - list of elements is --->1
09:02:12  INFO  manager.ListenerWD - before Find Element --->By.xpath: //button[text()='Ok']
09:02:12  INFO  manager.ListenerWD - after Find Element --->By.xpath: //button[text()='Ok']
09:02:12  INFO  manager.ListenerWD - Location of element(665, 343)
09:02:12  INFO  tests.TestBase - Name of method -->loginSuccessModel
09:02:12  INFO  manager.ListenerWD - before Find Elements --->By.xpath: //a[text()=' Logout ']
09:02:12  INFO  manager.ListenerWD - after Find Elements --->By.xpath: //a[text()=' Logout ']
09:02:12  INFO  manager.ListenerWD - list of elements is --->1
09:02:12  INFO  manager.ListenerWD - before Find Element --->By.xpath: //a[text()=' Logout ']
09:02:12  INFO  manager.ListenerWD - after Find Element --->By.xpath: //a[text()=' Logout ']
09:02:12  INFO  manager.ListenerWD - Location of element(869, 24)
09:02:12  INFO  tests.TestBase - Before method finish logout
09:02:12  INFO  tests.TestBase - Test start with test data --->/nUser{firstName='null', lastName='null', email='niln@gmail.com', password='Nn12345$'}
09:02:12  INFO  manager.ListenerWD - before Find Element --->By.cssSelector: a[ng-reflect-router-link='login']
09:02:12  INFO  manager.ListenerWD - after Find Element --->By.cssSelector: a[ng-reflect-router-link='login']
09:02:12  INFO  manager.ListenerWD - Location of element(1057, 24)
09:02:12  INFO  manager.ListenerWD - before Find Element --->By.id: email
09:02:13  INFO  manager.ListenerWD - after Find Element --->By.id: email
09:02:13  INFO  manager.ListenerWD - Location of element(889, 254)
09:02:13  INFO  manager.ListenerWD - before Find Element --->By.id: password
09:02:13  INFO  manager.ListenerWD - after Find Element --->By.id: password
09:02:13  INFO  manager.ListenerWD - Location of element(889, 327)
09:02:14  INFO  manager.ListenerWD - before Find Element --->By.cssSelector: button[type='submit']
09:02:14  INFO  manager.ListenerWD - after Find Element --->By.cssSelector: button[type='submit']
09:02:14  INFO  manager.ListenerWD - Location of element(889, 396)
09:02:14  INFO  manager.ListenerWD - before Find Element --->By.cssSelector: .dialog-container
09:02:14  INFO  manager.ListenerWD - after Find Element --->By.cssSelector: .dialog-container
09:02:14  INFO  manager.ListenerWD - Location of element(457, 247)
09:02:15  INFO  manager.ListenerWD - before Find Element --->By.cssSelector: .dialog-container>h2
09:02:15  INFO  manager.ListenerWD - after Find Element --->By.cssSelector: .dialog-container>h2
09:02:15  INFO  manager.ListenerWD - Location of element(455, 290)
09:02:15  INFO  tests.TestBase - Assert check message 'Logged in success' present
09:02:15  INFO  manager.ListenerWD - before Find Elements --->By.xpath: //button[text()='Ok']
09:02:15  INFO  manager.ListenerWD - after Find Elements --->By.xpath: //button[text()='Ok']
09:02:15  INFO  manager.ListenerWD - list of elements is --->1
09:02:15  INFO  manager.ListenerWD - before Find Element --->By.xpath: //button[text()='Ok']
09:02:15  INFO  manager.ListenerWD - after Find Element --->By.xpath: //button[text()='Ok']
09:02:15  INFO  manager.ListenerWD - Location of element(665, 343)
