18:30:49  INFO  manager.ApplicationManager - All tests run in Chrome Browser
18:30:54  INFO  manager.ApplicationManager - The link --->https://ilcarro.web.app/search
18:30:54  INFO  tests.TestBase - Name of method -->negativeSearch
18:30:54  INFO  manager.ListenerWD - before Find Element --->By.cssSelector: a.logo
18:30:54  INFO  manager.ListenerWD - after Find Element --->By.cssSelector: a.logo
18:30:54  INFO  manager.ListenerWD - Location of element(128, 16)
18:30:54  INFO  manager.ListenerWD - before Find Element --->By.id: city
18:30:54  INFO  manager.ListenerWD - after Find Element --->By.id: city
18:30:55  INFO  manager.ListenerWD - Location of element(128, 268)
18:30:55  INFO  manager.ListenerWD - before Find Element --->By.id: city
18:30:55  INFO  manager.ListenerWD - after Find Element --->By.id: city
18:30:55  INFO  manager.ListenerWD - Location of element(128, 268)
18:30:56  INFO  manager.ListenerWD - before Find Element --->By.cssSelector: div.pac-item
18:30:56  INFO  manager.ListenerWD - after Find Element --->By.cssSelector: div.pac-item
18:30:56  INFO  manager.ListenerWD - Location of element(128, 311)
18:30:56  INFO  manager.ListenerWD - before Find Element --->By.id: dates
18:30:56  INFO  manager.ListenerWD - after Find Element --->By.id: dates
18:30:56  INFO  manager.ListenerWD - Location of element(128, 361)
18:30:57  INFO  manager.ListenerWD - before Find Element --->By.id: dates
18:30:57  INFO  manager.ListenerWD - after Find Element --->By.id: dates
18:30:57  INFO  manager.ListenerWD - Location of element(128, 341)
18:30:57  INFO  manager.ListenerWD - before Find Element --->By.cssSelector: div.cdk-overlay-backdrop
18:30:58  INFO  manager.ListenerWD - after Find Element --->By.cssSelector: div.cdk-overlay-backdrop
18:30:58  INFO  manager.ListenerWD - Location of element(0, 0)
18:30:58  INFO  manager.ListenerWD - before Find Elements --->By.cssSelector: button[disabled]
18:30:58  INFO  manager.ListenerWD - after Find Elements --->By.cssSelector: button[disabled]
18:30:58  INFO  manager.ListenerWD - list of elements is --->2
18:30:58  INFO  manager.ListenerWD - before Find Element --->By.cssSelector: button[type='submit']
18:30:58  INFO  manager.ListenerWD - after Find Element --->By.cssSelector: button[type='submit']
18:30:58  INFO  manager.ListenerWD - Location of element(128, 415)
18:30:58  INFO  manager.ListenerWD - before Find Element --->By.cssSelector: div.ng-star-inserted
18:30:58  INFO  manager.ListenerWD - after Find Element --->By.cssSelector: div.ng-star-inserted
18:30:58  INFO  manager.ListenerWD - Location of element(128, 384)
18:30:58  INFO  tests.TestBase - Name of method -->searchAnyPeriodSuccess
18:30:58  INFO  manager.ListenerWD - before Find Element --->By.cssSelector: a.logo
18:30:58  INFO  manager.ListenerWD - after Find Element --->By.cssSelector: a.logo
18:30:58  INFO  manager.ListenerWD - Location of element(128, 16)
18:30:59  INFO  manager.ListenerWD - before Find Element --->By.id: city
18:30:59  INFO  manager.ListenerWD - after Find Element --->By.id: city
18:30:59  INFO  manager.ListenerWD - Location of element(128, 268)
18:31:00  INFO  manager.ListenerWD - before Find Element --->By.id: city
18:31:00  INFO  manager.ListenerWD - after Find Element --->By.id: city
18:31:00  INFO  manager.ListenerWD - Location of element(128, 268)
18:31:01  INFO  manager.ListenerWD - before Find Element --->By.cssSelector: div.pac-item
18:31:01  INFO  manager.ListenerWD - after Find Element --->By.cssSelector: div.pac-item
18:31:01  INFO  manager.ListenerWD - Location of element(128, 311)
18:31:01  INFO  manager.ListenerWD - before Find Element --->By.id: dates
18:31:01  INFO  manager.ListenerWD - after Find Element --->By.id: dates
18:31:01  INFO  manager.ListenerWD - Location of element(128, 361)
18:31:01  INFO  manager.ListenerWD - before Find Element --->By.id: dates
18:31:01  INFO  manager.ListenerWD - after Find Element --->By.id: dates
18:31:01  INFO  manager.ListenerWD - Location of element(128, 341)
18:31:01  INFO  manager.ListenerWD - before Find Element --->By.cssSelector: button[aria-label='Next month'
18:31:01  INFO  manager.ListenerWD - after Find Element --->By.cssSelector: button[aria-label='Next month'
18:31:01  INFO  manager.ListenerWD - Location of element(378, 38)
18:31:01  INFO  manager.ListenerWD - before Find Element --->By.cssSelector: button[aria-label='Next month'
18:31:01  INFO  manager.ListenerWD - after Find Element --->By.cssSelector: button[aria-label='Next month'
18:31:01  INFO  manager.ListenerWD - Location of element(378, 30)
18:31:02  INFO  manager.ListenerWD - before Find Element --->By.xpath: //div[text()=' 25 ']
18:31:02  INFO  manager.ListenerWD - after Find Element --->By.xpath: //div[text()=' 25 ']
18:31:02  INFO  manager.ListenerWD - Location of element(138, 275)
18:31:02  INFO  manager.ListenerWD - before Find Element --->By.cssSelector: button[aria-label='Next month'
18:31:02  INFO  manager.ListenerWD - after Find Element --->By.cssSelector: button[aria-label='Next month'
18:31:02  INFO  manager.ListenerWD - Location of element(378, 30)
18:31:02  INFO  manager.ListenerWD - before Find Element --->By.cssSelector: button[aria-label='Next month'
18:31:02  INFO  manager.ListenerWD - after Find Element --->By.cssSelector: button[aria-label='Next month'
18:31:02  INFO  manager.ListenerWD - Location of element(378, 30)
18:31:02  INFO  manager.ListenerWD - before Find Element --->By.cssSelector: button[aria-label='Next month'
18:31:02  INFO  manager.ListenerWD - after Find Element --->By.cssSelector: button[aria-label='Next month'
18:31:02  INFO  manager.ListenerWD - Location of element(378, 30)
18:31:02  INFO  manager.ListenerWD - before Find Element --->By.cssSelector: button[aria-label='Next month'
18:31:02  INFO  manager.ListenerWD - after Find Element --->By.cssSelector: button[aria-label='Next month'
18:31:02  INFO  manager.ListenerWD - Location of element(378, 30)
18:31:03  INFO  manager.ListenerWD - before Find Element --->By.cssSelector: button[aria-label='Next month'
18:31:03  INFO  manager.ListenerWD - after Find Element --->By.cssSelector: button[aria-label='Next month'
18:31:03  INFO  manager.ListenerWD - Location of element(378, 30)
18:31:03  INFO  manager.ListenerWD - before Find Element --->By.cssSelector: button[aria-label='Next month'
18:31:03  INFO  manager.ListenerWD - after Find Element --->By.cssSelector: button[aria-label='Next month'
18:31:03  INFO  manager.ListenerWD - Location of element(378, 30)
18:31:03  INFO  manager.ListenerWD - before Find Element --->By.cssSelector: button[aria-label='Next month'
18:31:03  INFO  manager.ListenerWD - after Find Element --->By.cssSelector: button[aria-label='Next month'
18:31:03  INFO  manager.ListenerWD - Location of element(378, 30)
18:31:03  INFO  manager.ListenerWD - before Find Element --->By.cssSelector: button[aria-label='Next month'
18:31:03  INFO  manager.ListenerWD - after Find Element --->By.cssSelector: button[aria-label='Next month'
18:31:03  INFO  manager.ListenerWD - Location of element(378, 30)
18:31:03  INFO  manager.ListenerWD - before Find Element --->By.cssSelector: button[aria-label='Next month'
18:31:03  INFO  manager.ListenerWD - after Find Element --->By.cssSelector: button[aria-label='Next month'
18:31:03  INFO  manager.ListenerWD - Location of element(378, 30)
18:31:04  INFO  manager.ListenerWD - before Find Element --->By.xpath: //div[text()=' 5 ']
18:31:04  INFO  manager.ListenerWD - after Find Element --->By.xpath: //div[text()=' 5 ']
18:31:04  INFO  manager.ListenerWD - Location of element(218, 155)
18:31:05  INFO  manager.ListenerWD - before Find Element --->By.cssSelector: button[type='submit']
18:31:05  INFO  manager.ListenerWD - after Find Element --->By.cssSelector: button[type='submit']
18:31:06  INFO  manager.ListenerWD - Location of element(128, 396)
18:31:07  INFO  manager.ListenerWD - before Find Elements --->By.cssSelector: a.car-container
18:31:19  INFO  manager.ListenerWD - after Find Elements --->By.cssSelector: a.car-container
18:31:19  INFO  manager.ListenerWD - list of elements is --->470
18:31:19  INFO  tests.TestBase - Name of method -->searchCurrentMonthSuccess
18:31:19  INFO  manager.ListenerWD - before Find Element --->By.cssSelector: a.logo
18:31:19  INFO  manager.ListenerWD - after Find Element --->By.cssSelector: a.logo
18:31:19  INFO  manager.ListenerWD - Location of element(128, 16)
18:31:20  INFO  manager.ListenerWD - before Find Element --->By.id: city
18:31:20  INFO  manager.ListenerWD - after Find Element --->By.id: city
18:31:20  INFO  manager.ListenerWD - Location of element(128, 268)
18:31:21  INFO  manager.ListenerWD - before Find Element --->By.id: city
18:31:21  INFO  manager.ListenerWD - after Find Element --->By.id: city
18:31:21  INFO  manager.ListenerWD - Location of element(128, 268)
18:31:22  INFO  manager.ListenerWD - before Find Element --->By.cssSelector: div.pac-item
18:31:22  INFO  manager.ListenerWD - after Find Element --->By.cssSelector: div.pac-item
18:31:22  INFO  manager.ListenerWD - Location of element(128, 311)
18:31:22  INFO  manager.ListenerWD - before Find Element --->By.id: dates
18:31:22  INFO  manager.ListenerWD - after Find Element --->By.id: dates
18:31:22  INFO  manager.ListenerWD - Location of element(128, 341)
18:31:22  INFO  manager.ListenerWD - before Find Element --->By.id: dates
18:31:22  INFO  manager.ListenerWD - after Find Element --->By.id: dates
18:31:22  INFO  manager.ListenerWD - Location of element(128, 341)
18:31:22  INFO  manager.ListenerWD - before Find Element --->By.xpath: //div[text()=' 28 ']
18:31:23  INFO  manager.ListenerWD - after Find Element --->By.xpath: //div[text()=' 28 ']
18:31:23  INFO  manager.ListenerWD - Location of element(338, 275)
18:31:23  INFO  manager.ListenerWD - before Find Element --->By.xpath: //div[text()=' 30 ']
18:31:23  INFO  manager.ListenerWD - after Find Element --->By.xpath: //div[text()=' 30 ']
18:31:23  INFO  manager.ListenerWD - Location of element(138, 315)
18:31:24  INFO  manager.ListenerWD - before Find Element --->By.cssSelector: button[type='submit']
18:31:24  INFO  manager.ListenerWD - after Find Element --->By.cssSelector: button[type='submit']
18:31:24  INFO  manager.ListenerWD - Location of element(128, 396)
18:31:24  INFO  manager.ListenerWD - before Find Elements --->By.cssSelector: a.car-container
18:31:30  INFO  manager.ListenerWD - after Find Elements --->By.cssSelector: a.car-container
18:31:30  INFO  manager.ListenerWD - list of elements is --->470
18:31:30  INFO  tests.TestBase - Name of method -->searchCurrentYearSuccess
18:31:30  INFO  manager.ListenerWD - before Find Element --->By.cssSelector: a.logo
18:31:30  INFO  manager.ListenerWD - after Find Element --->By.cssSelector: a.logo
18:31:30  INFO  manager.ListenerWD - Location of element(128, 16)
18:31:31  INFO  manager.ListenerWD - before Find Element --->By.id: city
18:31:31  INFO  manager.ListenerWD - after Find Element --->By.id: city
18:31:31  INFO  manager.ListenerWD - Location of element(128, 268)
18:31:31  INFO  manager.ListenerWD - before Find Element --->By.id: city
18:31:31  INFO  manager.ListenerWD - after Find Element --->By.id: city
18:31:31  INFO  manager.ListenerWD - Location of element(128, 268)
18:31:32  INFO  manager.ListenerWD - before Find Element --->By.cssSelector: div.pac-item
18:31:32  INFO  manager.ListenerWD - after Find Element --->By.cssSelector: div.pac-item
18:31:32  INFO  manager.ListenerWD - Location of element(128, 311)
18:31:32  INFO  manager.ListenerWD - before Find Element --->By.id: dates
18:31:32  INFO  manager.ListenerWD - after Find Element --->By.id: dates
18:31:32  INFO  manager.ListenerWD - Location of element(128, 341)
18:31:32  INFO  manager.ListenerWD - before Find Element --->By.id: dates
18:31:32  INFO  manager.ListenerWD - after Find Element --->By.id: dates
18:31:32  INFO  manager.ListenerWD - Location of element(128, 341)
18:31:33  INFO  manager.ListenerWD - before Find Element --->By.cssSelector: button[aria-label='Next month'
18:31:33  INFO  manager.ListenerWD - after Find Element --->By.cssSelector: button[aria-label='Next month'
18:31:33  INFO  manager.ListenerWD - Location of element(378, 30)
18:31:33  INFO  manager.ListenerWD - before Find Element --->By.cssSelector: button[aria-label='Next month'
18:31:33  INFO  manager.ListenerWD - after Find Element --->By.cssSelector: button[aria-label='Next month'
18:31:33  INFO  manager.ListenerWD - Location of element(378, 30)
18:31:33  INFO  manager.ListenerWD - before Find Element --->By.xpath: //div[text()=' 30 ']
18:31:33  INFO  manager.ListenerWD - after Find Element --->By.xpath: //div[text()=' 30 ']
18:31:33  INFO  manager.ListenerWD - Location of element(338, 275)
18:31:34  INFO  manager.ListenerWD - before Find Element --->By.cssSelector: button[aria-label='Next month'
18:31:34  INFO  manager.ListenerWD - after Find Element --->By.cssSelector: button[aria-label='Next month'
18:31:34  INFO  manager.ListenerWD - Location of element(378, 30)
18:31:34  INFO  manager.ListenerWD - before Find Element --->By.cssSelector: button[aria-label='Next month'
18:31:34  INFO  manager.ListenerWD - after Find Element --->By.cssSelector: button[aria-label='Next month'
18:31:34  INFO  manager.ListenerWD - Location of element(378, 30)
18:31:34  INFO  manager.ListenerWD - before Find Element --->By.cssSelector: button[aria-label='Next month'
18:31:34  INFO  manager.ListenerWD - after Find Element --->By.cssSelector: button[aria-label='Next month'
18:31:34  INFO  manager.ListenerWD - Location of element(378, 30)
18:31:35  INFO  manager.ListenerWD - before Find Element --->By.cssSelector: button[aria-label='Next month'
18:31:37  INFO  manager.ListenerWD - after Find Element --->By.cssSelector: button[aria-label='Next month'
18:31:37  INFO  manager.ListenerWD - Location of element(378, 30)
18:31:37  INFO  manager.ListenerWD - before Find Element --->By.xpath: //div[text()=' 28 ']
18:31:38  INFO  manager.ListenerWD - after Find Element --->By.xpath: //div[text()=' 28 ']
18:31:38  INFO  manager.ListenerWD - Location of element(378, 275)
18:31:39  INFO  manager.ListenerWD - before Find Element --->By.cssSelector: button[type='submit']
18:31:39  INFO  manager.ListenerWD - after Find Element --->By.cssSelector: button[type='submit']
18:31:39  INFO  manager.ListenerWD - Location of element(128, 396)
18:31:39  INFO  manager.ListenerWD - before Find Elements --->By.cssSelector: a.car-container
18:31:47  INFO  manager.ListenerWD - after Find Elements --->By.cssSelector: a.car-container
18:31:47  INFO  manager.ListenerWD - list of elements is --->470
